Case #1:
GCJ
GCJ
GCJ
Case #2:
CODE
CJAM
CJAM
Case #3:
CA
KE
Case #4:
A
Case #5:
AAAAEEEEBBBBBBBBFHIJJJJJJ
AAAAEEEEBBBBBBBBFHIJJJJJJ
AAAAEEEEBBBBBBBBFHIJJJJJJ
AAAAEEEEBBBBBBBBFHIJJJJJJ
AAAAEEEEBBBBBBBBFHIJJJJJJ
AAAAEEEEBBBBBBBBFHIJJJJJJ
AAAAEEEEBBBBBBBBFHIJJJJJJ
AAAAEEEEBBBBBBBBFHIJJJJJJ
AAAAEEEEBBBBBBBBFHIJJJJJJ
CCCCEEEEDDDDDDDDFHIJJJJJJ
CCCCEEEEDDDDDDDDFHIJJJJJJ
CCCCEEEEDDDDDDDDFHIJJJJJJ
CCCCEEEEDDDDDDDDFHIJJJJJJ
CCCCEEEEDDDDDDDDFHIJJJJJJ
CCCCEEEEDDDDDDDDFHIJJJJJJ
CCCCEEEEDDDDDDDDFHIJJJJJJ
CCCCEEEEDDDDDDDDFHIJJJJJJ
CCCCEEEEDDDDDDDDFHIJJJJJJ
CCCCEEEEDDDDDDDDFHIJJJJJJ
CCCCEEEEDDDDDDDDFHIJJJJJJ
CCCCEEEEDDDDDDDDGHIJJJJJJ
CCCCEEEEDDDDDDDDGHIJJJJJJ
CCCCEEEEDDDDDDDDGHIJJJJJJ
CCCCEEEEDDDDDDDDGHIJJJJJJ
CCCCEEEEDDDDDDDDGHIJJJJJJ
Case #6:
YHVKBBBFAWPPZGSQIIMMMLLLL
YHVKBBBFAWPPZNSQIIMMMLLLL
OHVKBBBFAWPPZNSQIIMMMLLLL
OHVKBBBFAWPPZNSQIIMMMLLLL
OHVKBBBFAWPPZCSQIIMMMLLLL
OHVKBBBFAWPPZCSQIIMMMLLLL
OHVKBBBFAWPPZCSEIIXXXRRRR
OHVKBBBFAWPPZCSEIIXXXRRRR
OHVKBBBTAWPPZCSEIIXXXRRRR
OHVKBBBTAWPPZCSEIIXXXRRRR
OHJKBBBTAWPPZCSEIIXXXRRRR
OHJKBBBTAWPPZCSEIIXXXRRRR
OHJKBBBTAWPPZCSEIIXXXRRRR
OHJKBBBTAWPPZCSEIIXXXUUUU
OHJKBBBTAWPPZCSEIIXXXUUUU
OHJKBBBTAWPPZCSEIIXXXUUUU
OHJKBBBTAWPPZCSEIIXXXUUUU
OHJKBBBTAWPPZCSEIIXXXUUUU
OHJKBBBTAWPPZCSEIIXXXUUUU
OHJDBBBTAWPPZCSEIIXXXUUUU
OHJDBBBTAWPPZCSEIIXXXUUUU
OHJDBBBTAWPPZCSEIIXXXUUUU
OHJDBBBTAWPPZCSEIIXXXUUUU
OHJDBBBTAWPPZCSEIIXXXUUUU
OHJDBBBTAWPPZCSEIIXXXUUUU
Case #7:
BBHLAANXXJJRUUUYYYQMMMTEI
BBHLAANXXJJRUUUYYYQMMMTEI
DDHLAANXXJJRUUUYYYQMMMTEI
DDHLAANXXJJRGGGYYYQMMMTEI
DDHLAANXXJJRGGGYYYQMMMTEI
DDHLAANXXJJRGGGZZZQMMMTEI
DDHLAANXXSSRGGGZZZQMMMTEI
DDHLAANXXSSRGGGZZZQMMMTEI
DDHLAANXXSSRGGGZZZQMMMTEI
DDHLAANXXSSRGGGZZZQMMMTEI
DDHLAANXXSSRGGGZZZQMMMTEI
DDHLAANXXSSRGGGZZZQMMMTEI
DDHLAANXXSSRGGGZZZQMMMTEI
DDHLFFNXXSSRGGGZZZQMMMTEI
DDHLFFNXXSSRGGGZZZQMMMTEI
DDHLFFNXXSSRGGGZZZQMMMTEI
DDHKFFNXXSSRGGGZZZQMMMCEI
DDHKWWNXXPPRGGGZZZQMMMCEI
DDHKVVNXXPPRGGGZZZQMMMCEI
DDHKVVNXXPPRGGGZZZQMMMOEI
DDHKVVNXXPPRGGGZZZQMMMOEI
DDHKVVNXXPPRGGGZZZQMMMOEI
DDHKVVNXXPPRGGGZZZQMMMOEI
DDHKVVNXXPPRGGGZZZQMMMOEI
DDHKVVNXXPPRGGGZZZQMMMOEI
Case #8:
BA
BA
Case #9:
SSSSSSSSSSSSSVVVQFOOKJCEG
SSSSSSSSSSSSSVVVQFOOKJCEG
SSSSSSSSSSSSSVVVQFOOAJCEG
SSSSSSSSSSSSSVVVQFOOAJBEG
SSSSSSSSSSSSSVVVQFOOAJBEG
SSSSSSSSSSSSSVVVQFOOHMBTU
SSSSSSSSSSSSSVVVQFOOHPBTU
SSSSSSSSSSSSSVVVQFOOHPBTU
SSSSSSSSSSSSSVVVQFOOIPLTU
SSSSSSSSSSSSSNNNQFOOIYLTU
SSSSSSSSSSSSSNNNQFOOWZRXU
SSSSSSSSSSSSSNNNQFOOWZRXU
SSSSSSSSSSSSSNNNQFOOWZRDU
SSSSSSSSSSSSSNNNQFOOWZRDU
SSSSSSSSSSSSSNNNQFOOWZRDU
SSSSSSSSSSSSSNNNQFOOWZRDU
SSSSSSSSSSSSSNNNQFOOWZRDU
SSSSSSSSSSSSSNNNQFOOWZRDU
SSSSSSSSSSSSSNNNQFOOWZRDU
SSSSSSSSSSSSSNNNQFOOWZRDU
SSSSSSSSSSSSSNNNQFOOWZRDU
SSSSSSSSSSSSSNNNQFOOWZRDU
SSSSSSSSSSSSSNNNQFOOWZRDU
SSSSSSSSSSSSSNNNQFOOWZRDU
SSSSSSSSSSSSSNNNQFOOWZRDU
Case #10:
HTTNJOOLXXXFZVVCWWKMMAUUG
HTTNJOOLXXXFZVVCWWKMMAUUG
HTTNJOOLIIIFZVVCWWKMMAUUG
HQQNJOOLIIIFZVVCWWKMMAUUG
HQQNJOOLIIIFZVVCWWKMMAUUG
HQQNJOOLIIIFZVVCWWKMMAUUG
HQQNJOOLIIIFPVVCWWKMMAUUG
HQQNJOOLIIIFPVVCWWKMMAUUG
HQQNJOOLIIIFPVVCWWKDDAUUG
SQQNJOOLIIIFPVVCWWKDDAUUG
BQQNJOOLIIIFRVVCWWKDDAUUG
BQQNJOOLYYYERVVCWWKDDAUUG
BQQNJOOLYYYERVVCWWKDDAUUG
BQQNJOOLYYYERVVCWWKDDAUUG
BQQNJOOLYYYERVVCWWKDDAUUG
BQQNJOOLYYYERVVCWWKDDAUUG
BQQNJOOLYYYERVVCWWKDDAUUG
BQQNJOOLYYYERVVCWWKDDAUUG
BQQNJOOLYYYERVVCWWKDDAUUG
BQQNJOOLYYYERVVCWWKDDAUUG
BQQNJOOLYYYERVVCWWKDDAUUG
BQQNJOOLYYYERVVCWWKDDAUUG
BQQNJOOLYYYERVVCWWKDDAUUG
BQQNJOOLYYYERVVCWWKDDAUUG
BQQNJOOLYYYERVVCWWKDDAUUG
Case #11:
AAAAAAAAAAAAAAAAAAAAAAAAA
BBBBBBBBBBBBBBBBBBBBBBBBB
CCCCCCCCCCCCCCCCCCCCCCCCC
DDDDDDDDDDDDDDDDDDDDDDDDD
EEEEEEEEEEEEEEEEEEEEEEEEE
FFFFFFFFFFFFFFFFFFFFFFFFF
GGGGGGGGGGGGGGGGGGGGGGGGG
HHHHHHHHHHHHHHHHHHHHHHHHH
IIIIIIIIIIIIIIIIIIIIIIIII
JJJJJJJJJJJJJJJJJJJJJJJJJ
KKKKKKKKKKKKKKKKKKKKKKKKK
LLLLLLLLLLLLLLLLLLLLLLLLL
MMMMMMMMMMMMMMMMMMMMMMMMM
NNNNNNNNNNNNNNNNNNNNNNNNN
OOOOOOOOOOOOOOOOOOOOOOOOO
PPPPPPPPPPPPPPPPPPPPPPPPP
QQQQQQQQQQQQQQQQQQQQQQQQQ
RRRRRRRRRRRRRRRRRRRRRRRRR
SSSSSSSSSSSSSSSSSSSSSSSSS
TTTTTTTTTTTTTTTTTTTTTTTTT
UUUUUUUUUUUUUUUUUUUUUUUUU
VVVVVVVVVVVVVVVVVVVVVVVVV
WWWWWWWWWWWWWWWWWWWWWWWWW
XXXXXXXXXXXXXXXXXXXXXXXXX
YYYYYYYYYYYYYYYYYYYYYYYYY
Case #12:
AAAAACDEEEEEEEEEEEFJJJJGG
AAAAACDEEEEEEEEEEEFJJJJGG
BBBBBCDEEEEEEEEEEEFJJJJGG
BBBBBCDEEEEEEEEEEEFJJJJGG
BBBBBCDEEEEEEEEEEEFJJJJGG
BBBBBCDEEEEEEEEEEEFJJJJGG
BBBBBCDEEEEEEEEEEEFJJJJGG
BBBBBCDEEEEEEEEEEEFJJJJGG
BBBBBCDEEEEEEEEEEEFJJJJGG
BBBBBCDEEEEEEEEEEEFJJJJGG
BBBBBCDEEEEEEEEEEEFJJJJGG
BBBBBCDEEEEEEEEEEEFJJJJGG
BBBBBCDEEEEEEEEEEEFJJJJGG
BBBBBCDEEEEEEEEEEEFJJJJGG
BBBBBCDEEEEEEEEEEEFJJJJGG
BBBBBCDEEEEEEEEEEEFJJJJGG
BBBBBCDEEEEEEEEEEEFJJJJGG
BBBBBCDEEEEEEEEEEEFJJJJGG
BBBBBCDEEEEEEEEEEEHJJJJII
BBBBBCDEEEEEEEEEEEHJJJJII
BBBBBCDEEEEEEEEEEEHJJJJII
BBBBBCDEEEEEEEEEEEHJJJJII
BBBBBCDEEEEEEEEEEEHJJJJII
BBBBBCDEEEEEEEEEEEHJJJJII
BBBBBCDEEEEEEEEEEEHJJJJII
Case #13:
AAAAAAEEEEBBBBBBBBBFHIJJJ
AAAAAAEEEEBBBBBBBBBFHIJJJ
AAAAAAEEEEBBBBBBBBBFHIJJJ
AAAAAAEEEEBBBBBBBBBFHIJJJ
AAAAAAEEEEBBBBBBBBBFHIJJJ
AAAAAAEEEEBBBBBBBBBFHIJJJ
AAAAAAEEEEBBBBBBBBBFHIJJJ
AAAAAAEEEEBBBBBBBBBFHIJJJ
AAAAAAEEEEBBBBBBBBBFHIJJJ
CCCCCCEEEEDDDDDDDDDFHIJJJ
CCCCCCEEEEDDDDDDDDDFHIJJJ
CCCCCCEEEEDDDDDDDDDFHIJJJ
CCCCCCEEEEDDDDDDDDDFHIJJJ
CCCCCCEEEEDDDDDDDDDFHIJJJ
CCCCCCEEEEDDDDDDDDDGHIJJJ
CCCCCCEEEEDDDDDDDDDGHIJJJ
CCCCCCEEEEDDDDDDDDDGHIJJJ
CCCCCCEEEEDDDDDDDDDGHIJJJ
CCCCCCEEEEDDDDDDDDDGHIJJJ
CCCCCCEEEEDDDDDDDDDGHIJJJ
CCCCCCEEEEDDDDDDDDDGHIJJJ
CCCCCCEEEEDDDDDDDDDGHIJJJ
CCCCCCEEEEDDDDDDDDDGHIJJJ
CCCCCCEEEEDDDDDDDDDGHIJJJ
CCCCCCEEEEDDDDDDDDDGHIJJJ
Case #14:
AAEEEEBBBBBBBBBFHIJJJJJJJ
AAEEEEBBBBBBBBBFHIJJJJJJJ
CCEEEEDDDDDDDDDFHIJJJJJJJ
CCEEEEDDDDDDDDDFHIJJJJJJJ
CCEEEEDDDDDDDDDFHIJJJJJJJ
CCEEEEDDDDDDDDDFHIJJJJJJJ
CCEEEEDDDDDDDDDFHIJJJJJJJ
CCEEEEDDDDDDDDDFHIJJJJJJJ
CCEEEEDDDDDDDDDFHIJJJJJJJ
CCEEEEDDDDDDDDDFHIJJJJJJJ
CCEEEEDDDDDDDDDFHIJJJJJJJ
CCEEEEDDDDDDDDDFHIJJJJJJJ
CCEEEEDDDDDDDDDFHIJJJJJJJ
CCEEEEDDDDDDDDDFHIJJJJJJJ
CCEEEEDDDDDDDDDFHIJJJJJJJ
CCEEEEDDDDDDDDDFHIJJJJJJJ
CCEEEEDDDDDDDDDFHIJJJJJJJ
CCEEEEDDDDDDDDDFHIJJJJJJJ
CCEEEEDDDDDDDDDGHIJJJJJJJ
CCEEEEDDDDDDDDDGHIJJJJJJJ
CCEEEEDDDDDDDDDGHIJJJJJJJ
CCEEEEDDDDDDDDDGHIJJJJJJJ
CCEEEEDDDDDDDDDGHIJJJJJJJ
CCEEEEDDDDDDDDDGHIJJJJJJJ
CCEEEEDDDDDDDDDGHIJJJJJJJ
Case #15:
DDDDUACVFXLGGGGGGGGGGGGGG
DDDDUACKFXLGGGGGGGGGGGGGG
DDDDUACPZXLGGGGGGGGGGGGGG
DDDDUACPZXLGGGGGGGGGGGGGG
DDDDUSCQIXLGGGGGGGGGGGGGG
DDDDUYCHRXLGGGGGGGGGGGGGG
NNNNUOCHEXLGGGGGGGGGGGGGG
NNNNUJCWTXBGGGGGGGGGGGGGG
NNNNUJMWTXBGGGGGGGGGGGGGG
NNNNUJMWTXBGGGGGGGGGGGGGG
NNNNUJMWTXBGGGGGGGGGGGGGG
NNNNUJMWTXBGGGGGGGGGGGGGG
NNNNUJMWTXBGGGGGGGGGGGGGG
NNNNUJMWTXBGGGGGGGGGGGGGG
NNNNUJMWTXBGGGGGGGGGGGGGG
NNNNUJMWTXBGGGGGGGGGGGGGG
NNNNUJMWTXBGGGGGGGGGGGGGG
NNNNUJMWTXBGGGGGGGGGGGGGG
NNNNUJMWTXBGGGGGGGGGGGGGG
NNNNUJMWTXBGGGGGGGGGGGGGG
NNNNUJMWTXBGGGGGGGGGGGGGG
NNNNUJMWTXBGGGGGGGGGGGGGG
NNNNUJMWTXBGGGGGGGGGGGGGG
NNNNUJMWTXBGGGGGGGGGGGGGG
NNNNUJMWTXBGGGGGGGGGGGGGG
Case #16:
KRRSOOOAHYTEUQWVMXXIIDFF
KRRSOOOAHYTEUQWVMXXIIDFF
KRRSOOOALYTEUQWVMXXIIDFF
KRRSOOOALYTEUQWVMXXIIDFF
KRRSOOOALYTEUQWVMXXIIDFF
KRRSOOOALYTEUQWJMCCIIDFF
KRRSOOOALYTEUQWJMCCIIDFF
KRRSOOOALYTEUQWJMCCIIDFF
KRRSOOOALYTEUQWJMCCIIDFF
KRRSOOOALYTEUQWJMCCIIDFF
KRRSOOOALYTEUQWJMCCIIDFF
KRRSOOOALYTEUQWJMCCIIDFF
KRRSOOOALYTEUQWJMCCIIDFF
KRRSOOOALYTEUQWJMCCIIDFF
KRRSOOOALYTEUQWJMCCIIDFF
KRRSOOOALYPEUQWJMCCIIDFF
KRRSOOOALYPEUQWJMCCIIDFF
KRRSOOOALYPEUQWJMCCIIDFF
KRRSOOOALYGEUQWJMCCIIDFF
KRRSNNNALYGEUQWJMCCIIDFF
KRRSNNNALYGEUQWJMCCIIDFF
KRRSBBBALYGEUQWJMCCIIDFF
KRRSBBBALYGEUQWJMCCIIDFF
KRRSBBBALYGEUQWJMCCIIDFF
KRRSBBBALYGEUQWJMCCIIDFF
Case #17:
VVVZOODYJJRBECCWWIIKHPPPP
VVVZOODYJJRBECCWWIIKHPPPP
VVVMOOUYJJRBTCCWWLLKHPPPP
VVVMOOUYJJRBTFFWWLLKHPPPP
VVVMOOUYJJRBTFFWWLLKHPPPP
VVVQOOUYJJRBTFFWWLLKHPPPP
VVVQOOUYJJRBTFFWWLLKHPPPP
VVVQOOUYJJRBTFFWWLLKHPPPP
VVVQOOUYJJRBTFFWWLLKHPPPP
VVVQXXUYJJRBTFFWWLLKHPPPP
VVVQXXUYJJRBTFFWWLLKHPPPP
VVVQXXUYJJRBTFFWWLLKHPPPP
VVVQXXUYJJRBTFFWWLLKHPPPP
VVVQXXUYJJRBTFFWWLLKHPPPP
AAAQXXUYJJRBTFFWWLLKHPPPP
AAAQXXUYJJRBTFFWWLLKHPPPP
AAAQXXUYJJRBTFFWWLLKHSSSS
AAAQXXUYJJRBTFFWWLLKHSSSS
AAAQXXUYJJRBTFFNNLLKHSSSS
AAAQGGUYJJRBTFFNNLLKHSSSS
AAAQGGUYJJRBTFFNNLLKHSSSS
AAAQGGUYJJRBTFFNNLLKHSSSS
AAAQGGUYJJRBTFFNNLLKHSSSS
AAAQGGUYJJRBTFFNNLLKHSSSS
AAAQGGUYJJRBTFFNNLLKHSSSS
Case #18:
VVVVGAMQFYHHJJUNNDDIKSCCB
VVVVGAMQFYHHJJUNNDDIKSCCB
VVVVGAMQFYHHJJUNNDDIKSCCB
VVVVGZMQFYHHJJUNNDDIKSCCB
VVVVGZMQFYHHJJUNNDDIKSCCB
VVVVGZMEFYHHJJUNNDDIKSCCB
VVVVGZMEFYHHJJUNNDDIKSCCB
VVVVGZMEFYHHJJUNNDDIRSCCB
XXXXGZMEFYHHJJUNNDDIRSCCB
XXXXGZMWFYHHJJUNNDDIRSCCB
XXXXGZMWFYHHJJUNNDDIRSCCB
XXXXGZMWFYHHJJUNNDDIRPCCB
XXXXGZMWFYHHJJUNNDDIRPCCB
XXXXGZMWFYHHJJUNNDDIRPCCB
XXXXGZMWFYHHJJUNNDDIRPCCB
XXXXGZMWFLHHJJUNNDDIRPCCB
XXXXGZMWFLHHJJUNNDDIRPCCT
XXXXGZMWFLHHJJUNNDDIRPCCT
XXXXGZMWFLHHJJUNNDDIRPCCT
XXXXGZMWFLHHJJUNNDDIRPCCT
XXXXGZMWFLHHJJUNNDDIRPCCT
XXXXGZMWFLHHJJUNNDDIRPCCT
XXXXGZMWFLHHJJUNNDDIRPCCT
XXXXGZMWFLHHJJUNNDDIROCCT
XXXXGZMWFLHHJJUNNDDIROCCT
Case #19:
AAAAAAAAAAAEEEEBBBBBBBBBB
AAAAAAAAAAAEEEEBBBBBBBBBB
AAAAAAAAAAAEEEEBBBBBBBBBB
AAAAAAAAAAAEEEEBBBBBBBBBB
AAAAAAAAAAAEEEEBBBBBBBBBB
AAAAAAAAAAAEEEEBBBBBBBBBB
AAAAAAAAAAAEEEEBBBBBBBBBB
AAAAAAAAAAAEEEEBBBBBBBBBB
AAAAAAAAAAAEEEEBBBBBBBBBB
AAAAAAAAAAAEEEEBBBBBBBBBB
AAAAAAAAAAAEEEEBBBBBBBBBB
AAAAAAAAAAAEEEEBBBBBBBBBB
AAAAAAAAAAAEEEEBBBBBBBBBB
AAAAAAAAAAAEEEEBBBBBBBBBB
AAAAAAAAAAAEEEEBBBBBBBBBB
AAAAAAAAAAAEEEEBBBBBBBBBB
AAAAAAAAAAAEEEEBBBBBBBBBB
AAAAAAAAAAAEEEEBBBBBBBBBB
CCCCCCCCCCCEEEEDDDDDDDDDD
CCCCCCCCCCCEEEEDDDDDDDDDD
CCCCCCCCCCCEEEEDDDDDDDDDD
CCCCCCCCCCCEEEEDDDDDDDDDD
CCCCCCCCCCCEEEEDDDDDDDDDD
CCCCCCCCCCCEEEEDDDDDDDDDD
CCCCCCCCCCCEEEEDDDDDDDDDD
Case #20:
UUUUUUUUUOXDFRIAMMMMMMMMM
UUUUUUUUUOXDFRIAMMMMMMMMM
UUUUUUUUUOXDFRIAMMMMMMMMM
UUUUUUUUUOXDFRIAMMMMMMMMM
UUUUUUUUUOXDFRIAMMMMMMMMM
UUUUUUUUUOXDFRIAMMMMMMMMM
UUUUUUUUUOXDFRIAMMMMMMMMM
UUUUUUUUUOXDJRIAMMMMMMMMM
UUUUUUUUUOXZJWIAMMMMMMMMM
UUUUUUUUUOXZJWIAMMMMMMMMM
UUUUUUUUUOXZNWQHMMMMMMMMM
UUUUUUUUUOCVTYPHMMMMMMMMM
UUUUUUUUUOCBTYPHMMMMMMMMM
UUUUUUUUUOSBTLPHMMMMMMMMM
UUUUUUUUUOSKGLPHMMMMMMMMM
UUUUUUUUUOSKELPHMMMMMMMMM
UUUUUUUUUOSKELPHMMMMMMMMM
UUUUUUUUUOSKELPHMMMMMMMMM
UUUUUUUUUOSKELPHMMMMMMMMM
UUUUUUUUUOSKELPHMMMMMMMMM
UUUUUUUUUOSKELPHMMMMMMMMM
UUUUUUUUUOSKELPHMMMMMMMMM
UUUUUUUUUOSKELPHMMMMMMMMM
UUUUUUUUUOSKELPHMMMMMMMMM
UUUUUUUUUOSKELPHMMMMMMMMM
Case #21:
NNNNNNNNNNNNNNNNNNQXHWVKJ
NNNNNNNNNNNNNNNNNNQXHWVKJ
NNNNNNNNNNNNNNNNNNQXHWVKJ
NNNNNNNNNNNNNNNNNNQXHWVKJ
NNNNNNNNNNNNNNNNNNQXHWVKJ
NNNNNNNNNNNNNNNNNNQXHWVKJ
NNNNNNNNNNNNNNNNNNQXHWVKJ
NNNNNNNNNNNNNNNNNNQXHWVKJ
NNNNNNNNNNNNNNNNNNQXHWVKJ
NNNNNNNNNNNNNNNNNNQXHWVKJ
NNNNNNNNNNNNNNNNNNQXHWVKJ
NNNNNNNNNNNNNNNNNNQXHWVKJ
NNNNNNNNNNNNNNNNNNQXHWVKJ
NNNNNNNNNNNNNNNNNNQXHWVKJ
NNNNNNNNNNNNNNNNNNQXHWVKJ
NNNNNNNNNNNNNNNNNNQXHWVKJ
NNNNNNNNNNNNNNNNNNQXHWVKJ
NNNNNNNNNNNNNNNNNNQXHWVTE
NNNNNNNNNNNNNNNNNNQXHWITR
NNNNNNNNNNNNNNNNNNQXHLITU
NNNNNNNNNNNNNNNNNNQXBLITZ
NNNNNNNNNNNNNNNNNNQACLGTO
NNNNNNNNNNNNNNNNNNQDCLGTY
NNNNNNNNNNNNNNNNNNQDCLGTF
NNNNNNNNNNNNNNNNNNQSCLPTM
Case #22:
GNJSPPOHLLVVXZZZQQFRKKKDC
GNJSPPOHLLVVIZZZQQERKKKDC
GNJSPPOHLLVVIZZZQQERKKKDY
GNJSPPOHLLVVIZZZQQERKKKDY
GNJSPPOHLLVVIZZZQQERKKKDY
GNUSPPOHLLVVIZZZQQERKKKDY
GNUSPPOHLLVVIZZZQQERKKKDY
GNUSPPOHLLVVIZZZAAERKKKDY
GNUSPPOHLLVVIZZZAAERKKKBY
GNUSPPOHLLVVIZZZAAERKKKBY
GNUSPPOHLLVVIZZZAAERKKKBY
WNUSPPOHLLVVIZZZAAERKKKBY
WNUMPPOHLLVVIZZZAAERKKKBY
WNUMPPOHLLVVIZZZAAERKKKBY
WNUMPPOHLLVVIZZZAAERKKKBY
WNUMPPOHLLVVIZZZAAERKKKBY
WNUMPPOHLLVVIZZZAAERKKKBY
WNUMPPOHLLVVIZZZAAERKKKBY
WNUMPPOHLLVVIZZZAAERKKKBY
WNUMPPOHLLVVIZZZAAERKKKBY
WNUMPPOHLLVVIZZZAAERKKKBY
WNUMPPOHLLVVIZZZAAERKKKBY
WNUMTTOHLLVVIZZZAAERKKKBY
WNUMTTOHLLVVIZZZAAERKKKBY
WNUMTTOHLLVVIZZZAAERKKKBY
Case #23:
VVVVVVVVVVVVSSCXXREUIOJTD
VVVVVVVVVVVVSSCXXREUIOJTD
VVVVVVVVVVVVSSCXXREUIOJTD
VVVVVVVVVVVVSSCXXREUIOJTD
VVVVVVVVVVVVSSCXXREUIOJTD
VVVVVVVVVVVVSSCXXREUIOJTD
VVVVVVVVVVVVSSCXXREUIOJTD
VVVVVVVVVVVVSSCXXREUIOJTD
VVVVVVVVVVVVSSCXXREUIOJTD
VVVVVVVVVVVVSSCXXREUIOJTD
VVVVVVVVVVVVSSCXXREUIOJTD
VVVVVVVVVVVVSSCXXREUIOJTD
VVVVVVVVVVVVSSCXXREUIOJTD
VVVVVVVVVVVVSSCXXREUIOJTD
VVVVVVVVVVVVSSCXXREUKMJTD
VVVVVVVVVVVVSSCXXRENKHJTD
VVVVVVVVVVVVSSCXXBENKHJTD
VVVVVVVVVVVVSSCXXGENZWJTD
VVVVVVVVVVVVSSCXXGEAFWJQD
VVVVVVVVVVVVSSCXXGEAFWJQD
VVVVVVVVVVVVSSCXXGEAFWJPD
VVVVVVVVVVVVSSCXXYELFWJPD
VVVVVVVVVVVVSSCXXYELFWJPD
VVVVVVVVVVVVSSCXXYELFWJPD
VVVVVVVVVVVVSSCXXYELFWJPD
Case #24:
ABCDEFGHIJKLMNOPQRSTUVWXY
ABCDEFGHIJKLMNOPQRSTUVWXY
ABCDEFGHIJKLMNOPQRSTUVWXY
ABCDEFGHIJKLMNOPQRSTUVWXY
ABCDEFGHIJKLMNOPQRSTUVWXY
ABCDEFGHIJKLMNOPQRSTUVWXY
ABCDEFGHIJKLMNOPQRSTUVWXY
ABCDEFGHIJKLMNOPQRSTUVWXY
ABCDEFGHIJKLMNOPQRSTUVWXY
ABCDEFGHIJKLMNOPQRSTUVWXY
ABCDEFGHIJKLMNOPQRSTUVWXY
ABCDEFGHIJKLMNOPQRSTUVWXY
ABCDEFGHIJKLMNOPQRSTUVWXY
ABCDEFGHIJKLMNOPQRSTUVWXY
ABCDEFGHIJKLMNOPQRSTUVWXY
ABCDEFGHIJKLMNOPQRSTUVWXY
ABCDEFGHIJKLMNOPQRSTUVWXY
ABCDEFGHIJKLMNOPQRSTUVWXY
ABCDEFGHIJKLMNOPQRSTUVWXY
ABCDEFGHIJKLMNOPQRSTUVWXY
ABCDEFGHIJKLMNOPQRSTUVWXY
ABCDEFGHIJKLMNOPQRSTUVWXY
ABCDEFGHIJKLMNOPQRSTUVWXY
ABCDEFGHIJKLMNOPQRSTUVWXY
ABCDEFGHIJKLMNOPQRSTUVWXY
Case #25:
UIYPNNQODEEEXLLLLLVVSRRBW
UIYPNNQODEEEXLLLLLVVSRRBW
UIYPNNQODEEEXLLLLLVVSRRBW
CIYPNNQODEEEXLLLLLVVSRRBW
CIYPNNQODEEEXLLLLLVVSRRBW
CIYPNNQODEEEXLLLLLVVSRRBW
CIYPNNQODEEEXAAAAAVVSRRBW
CIYPNNQODMMMXAAAAAVVSKKBW
CIYPNNQODMMMXAAAAAVVSKKBW
CIYPTTQODMMMXAAAAAVVSKKBW
CIYPTTQODMMMXAAAAAVVSKKBW
CIYPTTQOFMMMXAAAAAVVSKKGW
CIYPTTQOFMMMXAAAAAVVSKKGW
CIYJTTQOFMMMXAAAAAVVSKKGW
CIYJTTQOFMMMXAAAAAVVSKKGW
CIYJTTQOFMMMXAAAAAVVSKKGW
CIYJTTQOFMMMXAAAAAVVSKKGW
CIYJTTQOFMMMXAAAAAVVSKKGW
CIYJTTQHFMMMXAAAAAVVSKKGW
CIYJTTQHFMMMXAAAAAVVSKKGW
CIYJTTQHFMMMXAAAAAVVSKKGW
CIYJTTQHFMMMXAAAAAVVSKKGW
CIYJTTQHFMMMXAAAAAVVSKKGW
CIYJTTQHFMMMXAAAAAVVSKKGW
Case #26:
AB
Case #27:
MLAJJ
MLAJJ
KIAJJ
GCHJJ
BNOJJ
EFOJJ
DFOJJ
Case #28:
ABCDEFGHIJKLMNOPQRSTUVWXY
ABCDEFGHIJKLMNOPQRSTUVWXY
ABCDEFGHIJKLMNOPQRSTUVWXY
ABCDEFGHIJKLMNOPQRSTUVWXY
ABCDEFGHIJKLMNOPQRSTUVWXY
ABCDEFGHIJKLMNOPQRSTUVWXY
ABCDEFGHIJKLMNOPQRSTUVWXY
ABCDEFGHIJKLMNOPQRSTUVWXY
ABCDEFGHIJKLMNOPQRSTUVWXY
ABCDEFGHIJKLMNOPQRSTUVWXY
ABCDEFGHIJKLMNOPQRSTUVWXY
ABCDEFGHIJKLMNOPQRSTUVWXY
ABCDEFGHIJKLMNOPQRSTUVWXY
ABCDEFGHIJKLMNOPQRSTUVWXY
ABCDEFGHIJKLMNOPQRSTUVWXY
ABCDEFGHIJKLMNOPQRSTUVWXY
ABCDEFGHIJKLMNOPQRSTUVWXY
ABCDEFGHIJKLMNOPQRSTUVWXY
ABCDEFGHIJKLMNOPQRSTUVWXY
ABCDEFGHIJKLMNOPQRSTUVWXY
ABCDEFGHIJKLMNOPQRSTUVWXY
ABCDEFGHIJKLMNOPQRSTUVWXY
ABCDEFGHIJKLMNOPQRSTUVWXY
ABCDEFGHIJKLMNOPQRSTUVWXY
ABCDEFGHIJKLMNOPQRSTUVWXY
Case #29:
AEEEEBBBBBBBBBBBBFHIJJJJJ
AEEEEBBBBBBBBBBBBFHIJJJJJ
AEEEEBBBBBBBBBBBBFHIJJJJJ
AEEEEBBBBBBBBBBBBFHIJJJJJ
AEEEEBBBBBBBBBBBBFHIJJJJJ
CEEEEDDDDDDDDDDDDFHIJJJJJ
CEEEEDDDDDDDDDDDDFHIJJJJJ
CEEEEDDDDDDDDDDDDFHIJJJJJ
CEEEEDDDDDDDDDDDDFHIJJJJJ
CEEEEDDDDDDDDDDDDFHIJJJJJ
CEEEEDDDDDDDDDDDDFHIJJJJJ
CEEEEDDDDDDDDDDDDFHIJJJJJ
CEEEEDDDDDDDDDDDDFHIJJJJJ
CEEEEDDDDDDDDDDDDFHIJJJJJ
CEEEEDDDDDDDDDDDDFHIJJJJJ
CEEEEDDDDDDDDDDDDFHIJJJJJ
CEEEEDDDDDDDDDDDDFHIJJJJJ
CEEEEDDDDDDDDDDDDGHIJJJJJ
CEEEEDDDDDDDDDDDDGHIJJJJJ
CEEEEDDDDDDDDDDDDGHIJJJJJ
CEEEEDDDDDDDDDDDDGHIJJJJJ
CEEEEDDDDDDDDDDDDGHIJJJJJ
CEEEEDDDDDDDDDDDDGHIJJJJJ
CEEEEDDDDDDDDDDDDGHIJJJJJ
CEEEEDDDDDDDDDDDDGHIJJJJJ
Case #30:
JJJJJJJJJJJJJJJTPNVMBRYYY
JJJJJJJJJJJJJJJTPNVMBRYYY
JJJJJJJJJJJJJJJTPNVMBRYYY
JJJJJJJJJJJJJJJTPNVMBRYYY
JJJJJJJJJJJJJJJTPNVMBRYYY
JJJJJJJJJJJJJJJTPNVMBRYYY
JJJJJJJJJJJJJJJTPNVMBRYYY
JJJJJJJJJJJJJJJTPNVMBRYYY
JJJJJJJJJJJJJJJTPNVMBRYYY
JJJJJJJJJJJJJJJTPNVMBRYYY
JJJJJJJJJJJJJJJTPNVMBRYYY
JJJJJJJJJJJJJJJTPNVMBRYYY
JJJJJJJJJJJJJJJTPNVMBRYYY
JJJJJJJJJJJJJJJTPNVMBRYYY
JJJJJJJJJJJJJJJTPNVMBRYYY
JJJJJJJJJJJJJJJTPNVMBRYYY
JJJJJJJJJJJJJJJWANVZGUYYY
JJJJJJJJJJJJJJJQAHFCGUXXX
JJJJJJJJJJJJJJJQAEFLGKXXX
JJJJJJJJJJJJJJJQAIFOGKXXX
JJJJJJJJJJJJJJJQSIFOGKXXX
JJJJJJJJJJJJJJJQSIDOGKXXX
JJJJJJJJJJJJJJJQSIDOGKXXX
JJJJJJJJJJJJJJJQSIDOGKXXX
JJJJJJJJJJJJJJJQSIDOGKXXX
Case #31:
CB
CA
Case #32:
AAAAAAAAAAAAAAAAAAAAAAAAA
BBBBBBBBBBBBBBBBBBBBBBBBB
CCCCCCCCCCCCCCCCCCCCCCCCC
DDDDDDDDDDDDDDDDDDDDDDDDD
EEEEEEEEEEEEEEEEEEEEEEEEE
FFFFFFFFFFFFFFFFFFFFFFFFF
GGGGGGGGGGGGGGGGGGGGGGGGG
HHHHHHHHHHHHHHHHHHHHHHHHH
IIIIIIIIIIIIIIIIIIIIIIIII
JJJJJJJJJJJJJJJJJJJJJJJJJ
KKKKKKKKKKKKKKKKKKKKKKKKK
LLLLLLLLLLLLLLLLLLLLLLLLL
MMMMMMMMMMMMMMMMMMMMMMMMM
NNNNNNNNNNNNNNNNNNNNNNNNN
OOOOOOOOOOOOOOOOOOOOOOOOO
PPPPPPPPPPPPPPPPPPPPPPPPP
QQQQQQQQQQQQQQQQQQQQQQQQQ
RRRRRRRRRRRRRRRRRRRRRRRRR
SSSSSSSSSSSSSSSSSSSSSSSSS
TTTTTTTTTTTTTTTTTTTTTTTTT
UUUUUUUUUUUUUUUUUUUUUUUUU
VVVVVVVVVVVVVVVVVVVVVVVVV
WWWWWWWWWWWWWWWWWWWWWWWWW
XXXXXXXXXXXXXXXXXXXXXXXXX
YYYYYYYYYYYYYYYYYYYYYYYYY
Case #33:
VCCOAAADZLYKKKIFXGMMMSNNP
VCCOAAADZLYKKKIEXGMMMSNNP
VCCOAAADZLYKKKIEXGMMMSNNP
VCCOAAADZLYKKKIEXGMMMSNNP
VCCWAAADZLYKKKIEXGMMMSNNP
VCCWAAADZLYKKKIEXGMMMSNNP
VCCWAAADZLYKKKIEXGMMMSNNP
VCCWAAADZLYKKKIEXQMMMHNNP
VCCWAAADZLYKKKIEXQMMMHNNP
VCCWAAADZLYKKKIEXQMMMHNNP
VCCWAAADZLYKKKIEXJMMMHNNP
VCCWAAADZLRKKKIEXJMMMHNNP
VCCWAAADZLRKKKIEXJMMMHNNP
VCCWUUUDZLRKKKIEXJMMMHNNP
VCCBUUUDZLRKKKIEXJMMMHNNP
VCCBUUUDZLRKKKIEXJMMMHNNP
VCCBUUUDZLRKKKIEXJMMMHNNP
VCCBUUUDZLRKKKIEXJMMMHNNP
VCCTUUUDZLRKKKIEXJMMMHNNP
VCCTUUUDZLRKKKIEXJMMMHNNP
VCCTUUUDZLRKKKIEXJMMMHNNP
VCCTUUUDZLRKKKIEXJMMMHNNP
VCCTUUUDZLRKKKIEXJMMMHNNP
VCCTUUUDZLRKKKIEXJMMMHNNP
VCCTUUUDZLRKKKIEXJMMMHNNP
Case #34:
AAAAAAAEEEEBBBBBBBBBBBBBB
AAAAAAAEEEEBBBBBBBBBBBBBB
AAAAAAAEEEEBBBBBBBBBBBBBB
AAAAAAAEEEEBBBBBBBBBBBBBB
AAAAAAAEEEEBBBBBBBBBBBBBB
AAAAAAAEEEEBBBBBBBBBBBBBB
AAAAAAAEEEEBBBBBBBBBBBBBB
AAAAAAAEEEEBBBBBBBBBBBBBB
AAAAAAAEEEEBBBBBBBBBBBBBB
AAAAAAAEEEEBBBBBBBBBBBBBB
AAAAAAAEEEEBBBBBBBBBBBBBB
AAAAAAAEEEEBBBBBBBBBBBBBB
AAAAAAAEEEEBBBBBBBBBBBBBB
AAAAAAAEEEEBBBBBBBBBBBBBB
AAAAAAAEEEEBBBBBBBBBBBBBB
AAAAAAAEEEEBBBBBBBBBBBBBB
AAAAAAAEEEEBBBBBBBBBBBBBB
AAAAAAAEEEEBBBBBBBBBBBBBB
CCCCCCCEEEEDDDDDDDDDDDDDD
CCCCCCCEEEEDDDDDDDDDDDDDD
CCCCCCCEEEEDDDDDDDDDDDDDD
CCCCCCCEEEEDDDDDDDDDDDDDD
CCCCCCCEEEEDDDDDDDDDDDDDD
CCCCCCCEEEEDDDDDDDDDDDDDD
CCCCCCCEEEEDDDDDDDDDDDDDD
Case #35:
AAAAAAAAAAAAAAAAAAAAAAAAA
BBBBBBBBBBBBBBBBBBBBBBBBB
CCCCCCCCCCCCCCCCCCCCCCCCC
DDDDDDDDDDDDDDDDDDDDDDDDD
EEEEEEEEEEEEEEEEEEEEEEEEE
FFFFFFFFFFFFFFFFFFFFFFFFF
GGGGGGGGGGGGGGGGGGGGGGGGG
HHHHHHHHHHHHHHHHHHHHHHHHH
IIIIIIIIIIIIIIIIIIIIIIIII
JJJJJJJJJJJJJJJJJJJJJJJJJ
KKKKKKKKKKKKKKKKKKKKKKKKK
LLLLLLLLLLLLLLLLLLLLLLLLL
MMMMMMMMMMMMMMMMMMMMMMMMM
NNNNNNNNNNNNNNNNNNNNNNNNN
OOOOOOOOOOOOOOOOOOOOOOOOO
PPPPPPPPPPPPPPPPPPPPPPPPP
QQQQQQQQQQQQQQQQQQQQQQQQQ
RRRRRRRRRRRRRRRRRRRRRRRRR
SSSSSSSSSSSSSSSSSSSSSSSSS
TTTTTTTTTTTTTTTTTTTTTTTTT
UUUUUUUUUUUUUUUUUUUUUUUUU
VVVVVVVVVVVVVVVVVVVVVVVVV
WWWWWWWWWWWWWWWWWWWWWWWWW
XXXXXXXXXXXXXXXXXXXXXXXXX
YYYYYYYYYYYYYYYYYYYYYYYYY
Case #36:
AA
AA
Case #37:
AAAAAAAAAEEEEBBBBBBBBBBBB
AAAAAAAAAEEEEBBBBBBBBBBBB
AAAAAAAAAEEEEBBBBBBBBBBBB
AAAAAAAAAEEEEBBBBBBBBBBBB
AAAAAAAAAEEEEBBBBBBBBBBBB
AAAAAAAAAEEEEBBBBBBBBBBBB
AAAAAAAAAEEEEBBBBBBBBBBBB
AAAAAAAAAEEEEBBBBBBBBBBBB
AAAAAAAAAEEEEBBBBBBBBBBBB
AAAAAAAAAEEEEBBBBBBBBBBBB
AAAAAAAAAEEEEBBBBBBBBBBBB
AAAAAAAAAEEEEBBBBBBBBBBBB
AAAAAAAAAEEEEBBBBBBBBBBBB
AAAAAAAAAEEEEBBBBBBBBBBBB
AAAAAAAAAEEEEBBBBBBBBBBBB
CCCCCCCCCEEEEDDDDDDDDDDDD
CCCCCCCCCEEEEDDDDDDDDDDDD
CCCCCCCCCEEEEDDDDDDDDDDDD
CCCCCCCCCEEEEDDDDDDDDDDDD
CCCCCCCCCEEEEDDDDDDDDDDDD
CCCCCCCCCEEEEDDDDDDDDDDDD
CCCCCCCCCEEEEDDDDDDDDDDDD
CCCCCCCCCEEEEDDDDDDDDDDDD
CCCCCCCCCEEEEDDDDDDDDDDDD
CCCCCCCCCEEEEDDDDDDDDDDDD
Case #38:
GGSMCIEVVRLFWZBQQQXAYYNNT
JJSMCIKVVRLFWPDQQQHOYYNNU
Case #39:
AAACDEEEEEEEEEEEFJJJJGGGG
AAACDEEEEEEEEEEEFJJJJGGGG
AAACDEEEEEEEEEEEFJJJJGGGG
BBBCDEEEEEEEEEEEFJJJJGGGG
BBBCDEEEEEEEEEEEFJJJJGGGG
BBBCDEEEEEEEEEEEFJJJJGGGG
BBBCDEEEEEEEEEEEFJJJJGGGG
BBBCDEEEEEEEEEEEFJJJJGGGG
BBBCDEEEEEEEEEEEFJJJJGGGG
BBBCDEEEEEEEEEEEFJJJJGGGG
BBBCDEEEEEEEEEEEFJJJJGGGG
BBBCDEEEEEEEEEEEFJJJJGGGG
BBBCDEEEEEEEEEEEFJJJJGGGG
BBBCDEEEEEEEEEEEFJJJJGGGG
BBBCDEEEEEEEEEEEFJJJJGGGG
BBBCDEEEEEEEEEEEFJJJJGGGG
BBBCDEEEEEEEEEEEFJJJJGGGG
BBBCDEEEEEEEEEEEFJJJJGGGG
BBBCDEEEEEEEEEEEFJJJJGGGG
BBBCDEEEEEEEEEEEFJJJJGGGG
BBBCDEEEEEEEEEEEHJJJJIIII
BBBCDEEEEEEEEEEEHJJJJIIII
BBBCDEEEEEEEEEEEHJJJJIIII
BBBCDEEEEEEEEEEEHJJJJIIII
BBBCDEEEEEEEEEEEHJJJJIIII
Case #40:
ZFOLEPYIRBJJWWWWWWWWWWWWW
ZFOLEPYIRBJJWWWWWWWWWWWWW
ZFOLEPYIRBJJWWWWWWWWWWWWW
ZFOLEPYIRBJJWWWWWWWWWWWWW
ZFOLEPYIRBJJWWWWWWWWWWWWW
ZFOLEPYIRBJJWWWWWWWWWWWWW
ZFOLEPYIRBJJWWWWWWWWWWWWW
ZFOLEPYIRBJJWWWWWWWWWWWWW
ZFOLEPYIRBJJWWWWWWWWWWWWW
ZFOLEPYIRBJJWWWWWWWWWWWWW
ZFOLEPYIRBJJWWWWWWWWWWWWW
ZFOLEPYIRBJJWWWWWWWWWWWWW
ZFOLEPYIRBJJWWWWWWWWWWWWW
ZFOLEPYIRBJJWWWWWWWWWWWWW
ZFOLEPVIRBJJWWWWWWWWWWWWW
ZFOLHPVIRBJJWWWWWWWWWWWWW
ZFOLACVINBJJWWWWWWWWWWWWW
ZFOLACVINBJJWWWWWWWWWWWWW
ZFOLACVGNBJJWWWWWWWWWWWWW
ZFOLACVGNKJJWWWWWWWWWWWWW
ZSOLACVGNKDDWWWWWWWWWWWWW
ZMOLACVGNKXXWWWWWWWWWWWWW
ZMOLACVGUKXXWWWWWWWWWWWWW
ZTOLACVGUKXXWWWWWWWWWWWWW
ZTOLACVGQKXXWWWWWWWWWWWWW
Case #41:
EECYXHUSLMIDDDDDDDDDDDDDD
EECYXHUSLMIDDDDDDDDDDDDDD
EECYXHUSLMIDDDDDDDDDDDDDD
EECYXHUSLMIDDDDDDDDDDDDDD
EETRXHUSLMIDDDDDDDDDDDDDD
EETBXGUSLMIDDDDDDDDDDDDDD
ZZNBXGUSLMIDDDDDDDDDDDDDD
ZZNWQGUSLMIDDDDDDDDDDDDDD
ZZPWQGUSJMIDDDDDDDDDDDDDD
ZZVWQGUSJKIDDDDDDDDDDDDDD
ZZVWQGUSJKIDDDDDDDDDDDDDD
ZZVWQGUSJKIDDDDDDDDDDDDDD
ZZVWQGUSJOIDDDDDDDDDDDDDD
ZZVWFGUSJOIDDDDDDDDDDDDDD
ZZVWFGUSJOIDDDDDDDDDDDDDD
ZZVWFAUSJOIDDDDDDDDDDDDDD
ZZVWFAUSJOIDDDDDDDDDDDDDD
ZZVWFAUSJOIDDDDDDDDDDDDDD
ZZVWFAUSJOIDDDDDDDDDDDDDD
ZZVWFAUSJOIDDDDDDDDDDDDDD
ZZVWFAUSJOIDDDDDDDDDDDDDD
ZZVWFAUSJOIDDDDDDDDDDDDDD
ZZVWFAUSJOIDDDDDDDDDDDDDD
ZZVWFAUSJOIDDDDDDDDDDDDDD
ZZVWFAUSJOIDDDDDDDDDDDDDD
Case #42:
AAAAAAAAAAAAAAAAAAAAAAAAA
AAAAAAAAAAAAAAAAAAAAAAAAA
AAAAAAAAAAAAAAAAAAAAAAAAA
AAAAAAAAAAAAAAAAAAAAAAAAA
AAAAAAAAAAAAAAAAAAAAAAAAA
AAAAAAAAAAAAAAAAAAAAAAAAA
AAAAAAAAAAAAAAAAAAAAAAAAA
AAAAAAAAAAAAAAAAAAAAAAAAA
AAAAAAAAAAAAAAAAAAAAAAAAA
AAAAAAAAAAAAAAAAAAAAAAAAA
AAAAAAAAAAAAAAAAAAAAAAAAA
AAAAAAAAAAAAAAAAAAAAAAAAA
AAAAAAAAAAAAAAAAAAAAAAAAA
AAAAAAAAAAAAAAAAAAAAAAAAA
AAAAAAAAAAAAAAAAAAAAAAAAA
AAAAAAAAAAAAAAAAAAAAAAAAA
AAAAAAAAAAAAAAAAAAAAAAAAA
AAAAAAAAAAAAAAAAAAAAAAAAA
AAAAAAAAAAAAAAAAAAAAAAAAA
AAAAAAAAAAAAAAAAAAAAAAAAA
AAAAAAAAAAAAAAAAAAAAAAAAA
AAAAAAAAAAAAAAAAAAAAAAAAA
AAAAAAAAAAAAAAAAAAAAAAAAA
AAAAAAAAAAAAAAAAAAAAAAAAA
AAAAAAAAAAAAAAAAAAAAAAAAA
Case #43:
AACBB
AACBB
AACBB
AACBB
AACBB
Case #44:
JAUFMPRRRRRRRRRRRRRRRRRRR
JAUFMPRRRRRRRRRRRRRRRRRRR
JAUFMPRRRRRRRRRRRRRRRRRRR
JAUFMPRRRRRRRRRRRRRRRRRRR
JAUFMPRRRRRRRRRRRRRRRRRRR
JAUFMPRRRRRRRRRRRRRRRRRRR
JAUFMPRRRRRRRRRRRRRRRRRRR
JAUFMPRRRRRRRRRRRRRRRRRRR
JAUFMPRRRRRRRRRRRRRRRRRRR
JAUFMPRRRRRRRRRRRRRRRRRRR
JLUFMPRRRRRRRRRRRRRRRRRRR
TLEFMPRRRRRRRRRRRRRRRRRRR
CLEFMPRRRRRRRRRRRRRRRRRRR
QLNGMPRRRRRRRRRRRRRRRRRRR
KLNZMPRRRRRRRRRRRRRRRRRRR
KDNBMYRRRRRRRRRRRRRRRRRRR
KOWIXYRRRRRRRRRRRRRRRRRRR
KOWVXYRRRRRRRRRRRRRRRRRRR
SOWHXYRRRRRRRRRRRRRRRRRRR
SOWHXYRRRRRRRRRRRRRRRRRRR
SOWHXYRRRRRRRRRRRRRRRRRRR
SOWHXYRRRRRRRRRRRRRRRRRRR
SOWHXYRRRRRRRRRRRRRRRRRRR
SOWHXYRRRRRRRRRRRRRRRRRRR
SOWHXYRRRRRRRRRRRRRRRRRRR
Case #45:
ACDEEEEEEEEEEEEEEEEEEEEEE
ACDEEEEEEEEEEEEEEEEEEEEEE
ACDEEEEEEEEEEEEEEEEEEEEEE
ACDEEEEEEEEEEEEEEEEEEEEEE
ACDEEEEEEEEEEEEEEEEEEEEEE
BCDEEEEEEEEEEEEEEEEEEEEEE
BCDEEEEEEEEEEEEEEEEEEEEEE
BCDEEEEEEEEEEEEEEEEEEEEEE
BCDEEEEEEEEEEEEEEEEEEEEEE
BCDEEEEEEEEEEEEEEEEEEEEEE
BCDEEEEEEEEEEEEEEEEEEEEEE
BCDEEEEEEEEEEEEEEEEEEEEEE
BCDEEEEEEEEEEEEEEEEEEEEEE
BCDEEEEEEEEEEEEEEEEEEEEEE
BCDEEEEEEEEEEEEEEEEEEEEEE
BCDEEEEEEEEEEEEEEEEEEEEEE
BCDEEEEEEEEEEEEEEEEEEEEEE
BCDEEEEEEEEEEEEEEEEEEEEEE
BCDEEEEEEEEEEEEEEEEEEEEEE
BCDEEEEEEEEEEEEEEEEEEEEEE
BCDEEEEEEEEEEEEEEEEEEEEEE
BCDEEEEEEEEEEEEEEEEEEEEEE
BCDEEEEEEEEEEEEEEEEEEEEEE
BCDEEEEEEEEEEEEEEEEEEEEEE
BCDEEEEEEEEEEEEEEEEEEEEEE
Case #46:
VVVHDDQZZZCCTTNAFEPBBLSSM
VVVHDDQZZZCCTTNAFEPBBLSSM
VVVHDDQZZZCCTTNAFEPBBLSSM
VVVHDDQZZZCCTTNAFYPWWLSSM
VVVHDDQZZZCCTTNAFYPWWLSSM
VVVHDDQZZZCCTTNAFYPWWLSSM
VVVHDDQZZZCCTTNAFYPWWGSSM
VVVHDDQZZZCCTTNAOYPWWGSSM
VVVHUUQZZZCCTTNAOYPWWGSSM
VVVHUUQZZZCCTTNAOYPWWGSSM
VVVHUUQZZZCCTTNAOYPWWKSSM
VVVHUUQZZZCCTTNAOYPWWKSSM
VVVHUUQZZZCCTTNAOYPWWKSSM
VVVHUUQZZZCCTTNAOYPWWKRRM
VVVHUUQZZZCCTTNAOYPWWKRRM
VVVHUUQZZZCCTTNAIYPWWKRRM
VVVHUUQZZZCCTTNAIYPWWKRRM
VVVHUUQZZZCCTTNAIYPWWKRRM
VVVHUUQZZZCCTTNAIYPWWKRRM
VVVHUUQZZZCCTTNAXYPWWKRRM
VVVHUUQZZZCCTTNAXYPWWKRRM
VVVHUUQZZZCCTTNAXYPWWKRRM
VVVHUUQZZZCCTTNAXYPWWKRRM
VVVHUUQZZZCCTTNAXJPWWKRRM
VVVHUUQZZZCCTTNAXJPWWKRRM
Case #47:
YYYYUUUUXZINOVVFRLLCDTAGG
YYYYUUUUXZINOVVFRLLCDTAGG
YYYYUUUUXZINOVVFRLLCDTAGG
YYYYUUUUXHINOVVFRLLCDTAGG
YYYYUUUUXHINOVVFRLLCDTAGG
YYYYUUUUKHINOVVFRLLCJTAGG
YYYYUUUUKHINOVVFRLLCJTAGG
YYYYUUUUKHINOVVFRLLCJTAGG
YYYYUUUUKHINOVVFRLLCJTAGG
YYYYUUUUKHINOVVFRLLCJTAGG
YYYYUUUUKHINOVVFRMMCJTAGG
YYYYUUUUKHINOVVFRMMCJTAGG
YYYYUUUUKHINOVVFRMMCJTAGG
YYYYUUUUKHINOVVFRMMCJTAGG
YYYYBBBBKHINOVVPRMMCJTAGG
YYYYBBBBKHINOVVPREECJTAGG
YYYYBBBBKHINOVVPREECJTWGG
YYYYBBBBKHINOVVPREECJTWGG
YYYYSSSSKHINOVVPREECJTWGG
YYYYSSSSKHINOVVPREECJTWGG
YYYYSSSSKHINOVVPREECJTQGG
YYYYSSSSKHINOVVPREECJTQGG
YYYYSSSSKHINOVVPREECJTQGG
YYYYSSSSKHINOVVPREECJTQGG
YYYYSSSSKHINOVVPREECJTQGG
Case #48:
BBBB
AAAA
AAAA
AAAA
Case #49:
HMLLFBBBZVNCSSSTIIIWOREJJ
YMLLFBBBZVNCSSSTIIIWOREJJ
YMLLFBBBZVNCSSSTIIIWOREJJ
YMLLFBBBZVNCSSSTIIIAOREJJ
YMLLFBBBZVNCSSSTIIIAORKJJ
YMLLFBBBZVNCSSSTIIIAORKJJ
YMLLFBBBZGNCSSSTIIIAORKJJ
YMLLFBBBZGNCSSSTIIIAORKXX
YMLLFBBBZGNCDDDTIIIAORKXX
YQLLFBBBZGNCDDDTIIIAORKXX
YQLLFBBBZGNCDDDTIIIAORKXX
YQLLFBBBZGNCDDDTIIIAORKXX
YQLLFBBBZGNCDDDTIIIAORKXX
YQLLFBBBZGNCDDDTIIIAORKXX
YQLLFBBBZGNCDDDTIIIAORKXX
YQLLFBBBZGNCDDDTIIIAORKXX
YQLLFBBBZGNCDDDTIIIAORKXX
YQLLFBBBZGNCDDDTIIIAORKXX
YQLLFBBBZGNCDDDTIIIAORKXX
YQLLFBBBZGNCDDDTIIIAORKXX
YQLLFBBBZGNCDDDTIIIAORKXX
YQLLFBBBZGNCDDDTIIIAORKXX
YQLLFBBBZGNPUUUTIIIAORKXX
YQLLFBBBZGNPUUUTIIIAORKXX
YQLLFBBBZGNPUUUTIIIAORKXX
Case #50:
LRAPKSFYNEIIIIIIIIIIIIIII
LRAPKSFYNEIIIIIIIIIIIIIII
LRAPKSFYNEIIIIIIIIIIIIIII
LRAPKSFYNEIIIIIIIIIIIIIII
LRAPKSFYNEIIIIIIIIIIIIIII
LRAPKSFYNEIIIIIIIIIIIIIII
LRAPKSFYNEIIIIIIIIIIIIIII
LRAPKSFYNEIIIIIIIIIIIIIII
LRAPKSFYNEIIIIIIIIIIIIIII
LRAPKSFYNEIIIIIIIIIIIIIII
LRAPKSFYNEIIIIIIIIIIIIIII
LRAPKSFYNEIIIIIIIIIIIIIII
LVAPKSFYNEIIIIIIIIIIIIIII
LXAPKSFYNEIIIIIIIIIIIIIII
LXAPKSFYNEIIIIIIIIIIIIIII
LBAPKSFYNEIIIIIIIIIIIIIII
LBAPKJFYNEIIIIIIIIIIIIIII
LBWPMJFYNEIIIIIIIIIIIIIII
GBWPDJFYNEIIIIIIIIIIIIIII
GBWPDZFYNEIIIIIIIIIIIIIII
GBWPTZQYNEIIIIIIIIIIIIIII
GBWPTZQYNEIIIIIIIIIIIIIII
GBWPTZQYNEIIIIIIIIIIIIIII
GUWPCZQYNHIIIIIIIIIIIIIII
GUWPOZQYNHIIIIIIIIIIIIIII
Case #51:
JGBKEDDIICFLLHHMMMMAAAAAA
Case #52:
ABCDEFGHIJKLMNOPQRSTUVWXY
ABCDEFGHIJKLMNOPQRSTUVWXY
ABCDEFGHIJKLMNOPQRSTUVWXY
ABCDEFGHIJKLMNOPQRSTUVWXY
ABCDEFGHIJKLMNOPQRSTUVWXY
ABCDEFGHIJKLMNOPQRSTUVWXY
ABCDEFGHIJKLMNOPQRSTUVWXY
ABCDEFGHIJKLMNOPQRSTUVWXY
ABCDEFGHIJKLMNOPQRSTUVWXY
ABCDEFGHIJKLMNOPQRSTUVWXY
ABCDEFGHIJKLMNOPQRSTUVWXY
ABCDEFGHIJKLMNOPQRSTUVWXY
ABCDEFGHIJKLMNOPQRSTUVWXY
ABCDEFGHIJKLMNOPQRSTUVWXY
ABCDEFGHIJKLMNOPQRSTUVWXY
ABCDEFGHIJKLMNOPQRSTUVWXY
ABCDEFGHIJKLMNOPQRSTUVWXY
ABCDEFGHIJKLMNOPQRSTUVWXY
ABCDEFGHIJKLMNOPQRSTUVWXY
ABCDEFGHIJKLMNOPQRSTUVWXY
ABCDEFGHIJKLMNOPQRSTUVWXY
ABCDEFGHIJKLMNOPQRSTUVWXY
ABCDEFGHIJKLMNOPQRSTUVWXY
ABCDEFGHIJKLMNOPQRSTUVWXY
ABCDEFGHIJKLMNOPQRSTUVWXY
Case #53:
GQOLKNNBIHWCCCCCCCCCCCCCC
GQOLKNNBIHWCCCCCCCCCCCCCC
GQOLKNNBIHWCCCCCCCCCCCCCC
GQOLKNNBIHWCCCCCCCCCCCCCC
GQOLKNNBIHWCCCCCCCCCCCCCC
GQOLKNNBIHWCCCCCCCCCCCCCC
GQOLKNNBIHWCCCCCCCCCCCCCC
GQOLKNNBIHWCCCCCCCCCCCCCC
GQOLKNNBIHWCCCCCCCCCCCCCC
GQOLKNNBIHWCCCCCCCCCCCCCC
GQOLJNNBIHWCCCCCCCCCCCCCC
GQOLJNNBIHWCCCCCCCCCCCCCC
GQOLJNNBIHWCCCCCCCCCCCCCC
GQOLJNNBIHWCCCCCCCCCCCCCC
VQOLJNNBIHWCCCCCCCCCCCCCC
VQAUJNNBIHWCCCCCCCCCCCCCC
VQAUJNNBIHWCCCCCCCCCCCCCC
VQAUJNNBIPFCCCCCCCCCCCCCC
VQAUJSSBIPFCCCCCCCCCCCCCC
VQAUJDDBIPFCCCCCCCCCCCCCC
VQXZJDDEIPFCCCCCCCCCCCCCC
VQMRJDDEIPFCCCCCCCCCCCCCC
VQYRJDDEIPFCCCCCCCCCCCCCC
VQYRJTTEIPFCCCCCCCCCCCCCC
VQYRJTTEIPFCCCCCCCCCCCCCC
Case #54:
SSIIORDDBAQUMHHJXXKKKTNNC
SSIIORDDBAQUMHHJXXKKKTNNC
SSIIZRDDBAQUMHHJXXKKKTNNC
SSIIZRDDEAQUMHHJXXKKKTNNG
SSIIZPDDEAQUMHHJXXKKKTNNG
SSIIZPDDEAQUMHHJFFKKKTNNG
SSIIZPDDEAQUMHHJFFKKKTNNG
SSIIZPDDEAQUMHHJFFKKKTNNG
SSIIZPDDEAQVMHHJFFKKKTNNG
SSIIZPDDEAQVMHHJFFKKKTNNG
SSIIZPDDEAQVMHHJFFKKKTNNG
SSIIZPDDEAQVMHHJFFKKKTNNG
SSIIZPDDEAQVMHHJFFKKKTNNG
SSIIZWDDEAQVMHHJFFKKKTNNG
SSIIZWDDEAQVMHHJFFKKKTNNG
SSIIZWDDEAQVMHHJFFKKKTNNG
SSIIZWDDEAQVMHHJFFKKKTNNG
SSIIZWDDEAQVMHHJFFKKKTNNG
SSIIZWDDEAQYMHHJFFKKKTNNG
SSIIZWDDEAQYMHHJFFKKKTNNG
SSIIZWDDEAQYMHHJFFKKKTNNG
SSIIZWDDEAQYMHHJFFKKKTNNG
SSIIZWDDEAQLMHHJFFKKKTNNG
SSIIZWDDEAQLMHHJFFKKKTNNG
SSIIZWDDEAQLMHHJFFKKKTNNG
Case #55:
AAAAAAAAAAAAAAAAAAAAEEEEB
AAAAAAAAAAAAAAAAAAAAEEEEB
AAAAAAAAAAAAAAAAAAAAEEEEB
AAAAAAAAAAAAAAAAAAAAEEEEB
AAAAAAAAAAAAAAAAAAAAEEEEB
AAAAAAAAAAAAAAAAAAAAEEEEB
AAAAAAAAAAAAAAAAAAAAEEEEB
AAAAAAAAAAAAAAAAAAAAEEEEB
AAAAAAAAAAAAAAAAAAAAEEEEB
AAAAAAAAAAAAAAAAAAAAEEEEB
CCCCCCCCCCCCCCCCCCCCEEEED
CCCCCCCCCCCCCCCCCCCCEEEED
CCCCCCCCCCCCCCCCCCCCEEEED
CCCCCCCCCCCCCCCCCCCCEEEED
CCCCCCCCCCCCCCCCCCCCEEEED
CCCCCCCCCCCCCCCCCCCCEEEED
CCCCCCCCCCCCCCCCCCCCEEEED
CCCCCCCCCCCCCCCCCCCCEEEED
CCCCCCCCCCCCCCCCCCCCEEEED
CCCCCCCCCCCCCCCCCCCCEEEED
CCCCCCCCCCCCCCCCCCCCEEEED
CCCCCCCCCCCCCCCCCCCCEEEED
CCCCCCCCCCCCCCCCCCCCEEEED
CCCCCCCCCCCCCCCCCCCCEEEED
CCCCCCCCCCCCCCCCCCCCEEEED
Case #56:
NNNNNNNNNNNNNNNNNNNCRBZFX
NNNNNNNNNNNNNNNNNNNCRBZFX
NNNNNNNNNNNNNNNNNNNCRBZFX
NNNNNNNNNNNNNNNNNNNCRBZAS
NNNNNNNNNNNNNNNNNNNCRBZTS
NNNNNNNNNNNNNNNNNNNCRVZQO
NNNNNNNNNNNNNNNNNNNCKWEMO
NNNNNNNNNNNNNNNNNNNYKWEMO
NNNNNNNNNNNNNNNNNNNYKWEUP
NNNNNNNNNNNNNNNNNNNYKWJUD
NNNNNNNNNNNNNNNNNNNYKWHUD
NNNNNNNNNNNNNNNNNNNYKWHGL
NNNNNNNNNNNNNNNNNNNYKWHGI
NNNNNNNNNNNNNNNNNNNYKWHGI
NNNNNNNNNNNNNNNNNNNYKWHGI
NNNNNNNNNNNNNNNNNNNYKWHGI
NNNNNNNNNNNNNNNNNNNYKWHGI
NNNNNNNNNNNNNNNNNNNYKWHGI
NNNNNNNNNNNNNNNNNNNYKWHGI
NNNNNNNNNNNNNNNNNNNYKWHGI
NNNNNNNNNNNNNNNNNNNYKWHGI
NNNNNNNNNNNNNNNNNNNYKWHGI
NNNNNNNNNNNNNNNNNNNYKWHGI
NNNNNNNNNNNNNNNNNNNYKWHGI
NNNNNNNNNNNNNNNNNNNYKWHGI
Case #57:
AAA
AAA
AAA
AAA
AAA
Case #58:
ABCDEFGHIJKLMNOPQRSTUVWXY
ABCDEFGHIJKLMNOPQRSTUVWXY
ABCDEFGHIJKLMNOPQRSTUVWXY
ABCDEFGHIJKLMNOPQRSTUVWXY
ABCDEFGHIJKLMNOPQRSTUVWXY
ABCDEFGHIJKLMNOPQRSTUVWXY
ABCDEFGHIJKLMNOPQRSTUVWXY
ABCDEFGHIJKLMNOPQRSTUVWXY
ABCDEFGHIJKLMNOPQRSTUVWXY
ABCDEFGHIJKLMNOPQRSTUVWXY
ABCDEFGHIJKLMNOPQRSTUVWXY
ABCDEFGHIJKLMNOPQRSTUVWXY
ABCDEFGHIJKLMNOPQRSTUVWXY
ABCDEFGHIJKLMNOPQRSTUVWXY
ABCDEFGHIJKLMNOPQRSTUVWXY
ABCDEFGHIJKLMNOPQRSTUVWXY
ABCDEFGHIJKLMNOPQRSTUVWXY
ABCDEFGHIJKLMNOPQRSTUVWXY
ABCDEFGHIJKLMNOPQRSTUVWXY
ABCDEFGHIJKLMNOPQRSTUVWXY
ABCDEFGHIJKLMNOPQRSTUVWXY
ABCDEFGHIJKLMNOPQRSTUVWXY
ABCDEFGHIJKLMNOPQRSTUVWXY
ABCDEFGHIJKLMNOPQRSTUVWXY
ABCDEFGHIJKLMNOPQRSTUVWXY
Case #59:
WWWKQEEEDJHMUUXXRRLYPTZVV
WWWKQEEEDJHMUUXXRRLYPTZVV
WWWKQEEEDJHMUUXXRRLYPTZVV
WWWKQEEEDJHMUUXXRRLYPTZVV
NNNKQEEEDJHMUUXXRRLYPTZVV
NNNKQEEEDJHMUUXXRRLYPTZVV
NNNKQEEEDJHMUUXXRRLYPTZVV
NNNKQEEEDJHMUUXXRRLYPTZVV
NNNKQEEEDJHMUUXXRRLYPTZVV
NNNKQEEEDJHMUUXXRRLYPTZVV
NNNKQEEEDJOMUUXXRRLYPTFVV
NNNKQEEEDJOMAAXXRRLYPTFVV
NNNKQEEEDJOMAAXXRRLYPTFVV
NNNKQEEEDJOMAAXXRRLYPTFVV
NNNKQEEEDJOMAAXXRRLYPTFVV
NNNKQEEEDJOMAAXXRRLYPTFVV
NNNKQEEEDJIMAAXXRRLYPTFVV
NNNKQEEEDJIMAAXXRRLYPTFVV
NNNKQEEEDJIMAAXXRRLYPTFVV
NNNKQEEEDJIMBBXXCCLYPTFVV
NNNKQEEEDJIMBBXXCCSYPTFVV
NNNKQEEEDJIMBBXXCCSYPTFVV
NNNKQEEEDJIMBBXXCCSYPTFVV
NNNKQEEEDJGMBBXXCCSYPTFVV
NNNKQEEEDJGMBBXXCCSYPTFVV
Case #60:
AAAAAAAAAAAACDEEEEEEEEEEE
AAAAAAAAAAAACDEEEEEEEEEEE
AAAAAAAAAAAACDEEEEEEEEEEE
AAAAAAAAAAAACDEEEEEEEEEEE
AAAAAAAAAAAACDEEEEEEEEEEE
AAAAAAAAAAAACDEEEEEEEEEEE
AAAAAAAAAAAACDEEEEEEEEEEE
BBBBBBBBBBBBCDEEEEEEEEEEE
BBBBBBBBBBBBCDEEEEEEEEEEE
BBBBBBBBBBBBCDEEEEEEEEEEE
BBBBBBBBBBBBCDEEEEEEEEEEE
BBBBBBBBBBBBCDEEEEEEEEEEE
BBBBBBBBBBBBCDEEEEEEEEEEE
BBBBBBBBBBBBCDEEEEEEEEEEE
BBBBBBBBBBBBCDEEEEEEEEEEE
BBBBBBBBBBBBCDEEEEEEEEEEE
BBBBBBBBBBBBCDEEEEEEEEEEE
BBBBBBBBBBBBCDEEEEEEEEEEE
BBBBBBBBBBBBCDEEEEEEEEEEE
BBBBBBBBBBBBCDEEEEEEEEEEE
BBBBBBBBBBBBCDEEEEEEEEEEE
BBBBBBBBBBBBCDEEEEEEEEEEE
BBBBBBBBBBBBCDEEEEEEEEEEE
BBBBBBBBBBBBCDEEEEEEEEEEE
BBBBBBBBBBBBCDEEEEEEEEEEE
Case #61:
BBBA
BBBA
BBBA
Case #62:
SSSSSSSSSLJUGBOKWMVVVEEEE
SSSSSSSSSLJUGBOKWMVVVEEEE
SSSSSSSSSLJUGBOKWMVVVEEEE
SSSSSSSSSLJUGBOKWMVVVEEEE
SSSSSSSSSLJUGBOKWMVVVEEEE
SSSSSSSSSLJUGBOKWMVVVEEEE
SSSSSSSSSLJUGBOKWMVVVEEEE
SSSSSSSSSLJUGBOKWMVVVEEEE
SSSSSSSSSLJUGBOKWMVVVEEEE
SSSSSSSSSLJUGBOKWMVVVEEEE
SSSSSSSSSLJUGBOKWMVVVEEEE
SSSSSSSSSLJUYBFKWMVVVEEEE
SSSSSSSSSLJUYBFKWXVVVEEEE
SSSSSSSSSLJUYBFKWXVVVEEEE
SSSSSSSSSLPUYBFKWXVVVEEEE
SSSSSSSSSLPZHBFKWCVVVEEEE
QQQQQQQQQLPZHBFKWCVVVEEEE
QQQQQQQQQLPZABFKWCDDDEEEE
QQQQQQQQQLPNAIFKTRDDDEEEE
QQQQQQQQQLPNAIFKTRDDDEEEE
QQQQQQQQQLPNAIFKTRDDDEEEE
QQQQQQQQQLPNAIFKTRDDDEEEE
QQQQQQQQQLPNAIFKTRDDDEEEE
QQQQQQQQQLPNAIFKTRDDDEEEE
QQQQQQQQQLPNAIFKTRDDDEEEE
Case #63:
SSSHHHPPPZTBJQQNNDDOKUEMM
SSSHHHPPPRTBJQQNNDDOKUEMM
SSSHHHPPPRTBJQQNNDDOKUEMM
SSSHHHPPPRTBJQQNNDDOKUEMM
SSSHHHPPPRTBJQQNNDDOKUEMM
SSSHHHPPPRTBJQQNNDDOKUEMM
SSSHHHPPPRTBJQQNNDDOKUEMM
SSSHHHPPPRTBJQQNNDDOGUEMM
SSSHHHPPPRTBJQQNNDDOGUEMM
SSSIIIPPPRTBJQQNNDDOGUEMM
SSSIIIPPPRTBJQQNNDDOXUEMM
SSSIIIPPPRTBJQQNNDDOXUEMM
SSSIIIPPPRTBJQQNNDDOXUEMM
SSSIIIYYYRCBWQQNNDDOVUEMM
SSSIIIYYYRCBWQQNNDDOVUEMM
FFFIIIYYYRCBWQQNNDDOVUEMM
FFFIIIYYYRCBWQQLLDDOVUEMM
FFFIIIYYYRCBWQQLLDDOVUEMM
FFFIIIYYYRCAWQQLLDDOVUEMM
FFFIIIYYYRCAWQQLLDDOVUEMM
FFFIIIYYYRCAWQQLLDDOVUEMM
FFFIIIYYYRCAWQQLLDDOVUEMM
FFFIIIYYYRCAWQQLLDDOVUEMM
FFFIIIYYYRCAWQQLLDDOVUEMM
FFFIIIYYYRCAWQQLLDDOVUEMM
Case #64:
ZKKKKNNLLLTEEUPPCHHHISAXB
ZKKKKNNLLLTEEUPPCFFFISAXB
ZKKKKNNLLLTEEUPPCFFFVSDXB
ZKKKKNNLLLTEEUPPCFFFVSDXB
ZKKKKNNLLLTEEUPPCFFFVSDXR
ZKKKKNNLLLTEEUPPCFFFVSDXR
ZMMMMNNLLLOEEUPPCFFFVSDXR
ZGGGGNNLLLOEEUPPCFFFVSDXR
ZGGGGNNLLLOEEUPPCFFFVSDXR
ZGGGGNNLLLOEEUPPCFFFVSDXR
WGGGGNNLLLOEEUPPCFFFQSDXR
YGGGGNNLLLOEEUPPCJJJQSDXR
YGGGGNNLLLOEEUPPCJJJQSDXR
YGGGGNNLLLOEEUPPCJJJQSDXR
YGGGGNNLLLOEEUPPCJJJQSDXR
YGGGGNNLLLOEEUPPCJJJQSDXR
YGGGGNNLLLOEEUPPCJJJQSDXR
YGGGGNNLLLOEEUPPCJJJQSDXR
YGGGGNNLLLOEEUPPCJJJQSDXR
YGGGGNNLLLOEEUPPCJJJQSDXR
YGGGGNNLLLOEEUPPCJJJQSDXR
YGGGGNNLLLOEEUPPCJJJQSDXR
YGGGGNNLLLOEEUPPCJJJQSDXR
YGGGGNNLLLOEEUPPCJJJQSDXR
YGGGGNNLLLOEEUPPCJJJQSDXR
Case #65:
AAAAAAAAAAAAAAAAAAAAAAAAA
BBBBBBBBBBBBBBBBBBBBBBBBB
CCCCCCCCCCCCCCCCCCCCCCCCC
DDDDDDDDDDDDDDDDDDDDDDDDD
EEEEEEEEEEEEEEEEEEEEEEEEE
FFFFFFFFFFFFFFFFFFFFFFFFF
GGGGGGGGGGGGGGGGGGGGGGGGG
HHHHHHHHHHHHHHHHHHHHHHHHH
IIIIIIIIIIIIIIIIIIIIIIIII
JJJJJJJJJJJJJJJJJJJJJJJJJ
KKKKKKKKKKKKKKKKKKKKKKKKK
LLLLLLLLLLLLLLLLLLLLLLLLL
MMMMMMMMMMMMMMMMMMMMMMMMM
NNNNNNNNNNNNNNNNNNNNNNNNN
OOOOOOOOOOOOOOOOOOOOOOOOO
PPPPPPPPPPPPPPPPPPPPPPPPP
QQQQQQQQQQQQQQQQQQQQQQQQQ
RRRRRRRRRRRRRRRRRRRRRRRRR
SSSSSSSSSSSSSSSSSSSSSSSSS
TTTTTTTTTTTTTTTTTTTTTTTTT
UUUUUUUUUUUUUUUUUUUUUUUUU
VVVVVVVVVVVVVVVVVVVVVVVVV
WWWWWWWWWWWWWWWWWWWWWWWWW
XXXXXXXXXXXXXXXXXXXXXXXXX
YYYYYYYYYYYYYYYYYYYYYYYYY
Case #66:
MMMMMMMMMMMMMMAAVFFEBSLTN
MMMMMMMMMMMMMMQQVFFEBSKTN
MMMMMMMMMMMMMMQQVFFEBSUTN
MMMMMMMMMMMMMMQQIFFEBZUTO
MMMMMMMMMMMMMMQQIFFEYDUTO
MMMMMMMMMMMMMMQQHFFEYDUTO
MMMMMMMMMMMMMMQQHFFEYDUTO
MMMMMMMMMMMMMMQQHFFEYDUTJ
MMMMMMMMMMMMMMQQHFFXYDUWJ
MMMMMMMMMMMMMMQQHFFXYRUWJ
MMMMMMMMMMMMMMQQHFFXYRPWJ
MMMMMMMMMMMMMMQQHFFXYRGWJ
MMMMMMMMMMMMMMQQHFFXYRGWJ
MMMMMMMMMMMMMMQQHFFXYRGCJ
MMMMMMMMMMMMMMQQHFFXYRGCJ
MMMMMMMMMMMMMMQQHFFXYRGCJ
MMMMMMMMMMMMMMQQHFFXYRGCJ
MMMMMMMMMMMMMMQQHFFXYRGCJ
MMMMMMMMMMMMMMQQHFFXYRGCJ
MMMMMMMMMMMMMMQQHFFXYRGCJ
MMMMMMMMMMMMMMQQHFFXYRGCJ
MMMMMMMMMMMMMMQQHFFXYRGCJ
MMMMMMMMMMMMMMQQHFFXYRGCJ
MMMMMMMMMMMMMMQQHFFXYRGCJ
MMMMMMMMMMMMMMQQHFFXYRGCJ
Case #67:
ABCDEFGHIJKLMNOPQRSTUVWXY
ABCDEFGHIJKLMNOPQRSTUVWXY
ABCDEFGHIJKLMNOPQRSTUVWXY
ABCDEFGHIJKLMNOPQRSTUVWXY
ABCDEFGHIJKLMNOPQRSTUVWXY
ABCDEFGHIJKLMNOPQRSTUVWXY
ABCDEFGHIJKLMNOPQRSTUVWXY
ABCDEFGHIJKLMNOPQRSTUVWXY
ABCDEFGHIJKLMNOPQRSTUVWXY
ABCDEFGHIJKLMNOPQRSTUVWXY
ABCDEFGHIJKLMNOPQRSTUVWXY
ABCDEFGHIJKLMNOPQRSTUVWXY
ABCDEFGHIJKLMNOPQRSTUVWXY
ABCDEFGHIJKLMNOPQRSTUVWXY
ABCDEFGHIJKLMNOPQRSTUVWXY
ABCDEFGHIJKLMNOPQRSTUVWXY
ABCDEFGHIJKLMNOPQRSTUVWXY
ABCDEFGHIJKLMNOPQRSTUVWXY
ABCDEFGHIJKLMNOPQRSTUVWXY
ABCDEFGHIJKLMNOPQRSTUVWXY
ABCDEFGHIJKLMNOPQRSTUVWXY
ABCDEFGHIJKLMNOPQRSTUVWXY
ABCDEFGHIJKLMNOPQRSTUVWXY
ABCDEFGHIJKLMNOPQRSTUVWXY
ABCDEFGHIJKLMNOPQRSTUVWXY
Case #68:
BBBBBBWSVEICHRYYYYYYYYYYY
BBBBBBWSVEICHRYYYYYYYYYYY
BBBBBBWSVEICHRYYYYYYYYYYY
BBBBBBWSVEICHRYYYYYYYYYYY
BBBBBBWSVEICHRYYYYYYYYYYY
BBBBBBWSVEICHRYYYYYYYYYYY
BBBBBBWSVEICHRYYYYYYYYYYY
BBBBBBWSVEICHRYYYYYYYYYYY
BBBBBBWSVEICHRYYYYYYYYYYY
BBBBBBWSVEICHRYYYYYYYYYYY
BBBBBBWSVEICHRYYYYYYYYYYY
BBBBBBWSVEICHRYYYYYYYYYYY
BBBBBBWSVEICHRYYYYYYYYYYY
BBBBBBWSVEICHRYYYYYYYYYYY
BBBBBBWSVEICHRYYYYYYYYYYY
BBBBBBWSVEICHRYYYYYYYYYYY
BBBBBBWSVXICHRYYYYYYYYYYY
BBBBBBWSVXICHRYYYYYYYYYYY
BBBBBBWSMXACHRYYYYYYYYYYY
BBBBBBWSFLACKRYYYYYYYYYYY
NNNNNNQZFLACPRYYYYYYYYYYY
UUUUUUQJGLACPRYYYYYYYYYYY
UUUUUUQOGTDCPRYYYYYYYYYYY
UUUUUUQOGTDCPRYYYYYYYYYYY
UUUUUUQOGTDCPRYYYYYYYYYYY
Case #69:
IIIIIIIHOFRDDTYYCCNPBLQUS
IIIIIIIHOFRDDTYYCCNPBLQUS
WWWWWWWHOFRDDTYYCCNPBLQUS
WWWWWWWHOFRDDTYYCCNPBLQUS
WWWWWWWHOFRGGTYYCCNPBLQUS
WWWWWWWHOFRGGTYYCCNPBLQUS
WWWWWWWHOFRGGTYYCCNPBJQUS
WWWWWWWHOFRGGTYYCCNPBJQUS
WWWWWWWHOFRGGTYYCCNPBJQUS
WWWWWWWHOFRGGTYYCCNPBJQUS
WWWWWWWHOFRGGTYYCCNPBJQVS
WWWWWWWHOFRGGTYYCCNPBJQVS
WWWWWWWHOFEGGTYYCCNPBJQVS
WWWWWWWHOFEGGTYYCCNPBJXVS
WWWWWWWHOFEGGTYYCCNPBJXVS
WWWWWWWHOFEGGTYYCCNPBJXVS
WWWWWWWHOKEGGTYYCCNPBJXVS
WWWWWWWHOKEGGTYYCCNPBJXMS
WWWWWWWHOKEGGTYYCCNPBJXMS
WWWWWWWHOKEGGTYYCCNPBJXMS
WWWWWWWHOKEGGTYYCCNPBJXMS
WWWWWWWHOKEGGTYYCCNPBJZMS
WWWWWWWHOKEGGTYYCCNPBJAMS
WWWWWWWHOKEGGTYYCCNPBJAMS
WWWWWWWHOKEGGTYYCCNPBJAMS
Case #70:
ABCDEFGHIJKLMNOPQRSTUVWXY
ABCDEFGHIJKLMNOPQRSTUVWXY
ABCDEFGHIJKLMNOPQRSTUVWXY
ABCDEFGHIJKLMNOPQRSTUVWXY
ABCDEFGHIJKLMNOPQRSTUVWXY
ABCDEFGHIJKLMNOPQRSTUVWXY
ABCDEFGHIJKLMNOPQRSTUVWXY
ABCDEFGHIJKLMNOPQRSTUVWXY
ABCDEFGHIJKLMNOPQRSTUVWXY
ABCDEFGHIJKLMNOPQRSTUVWXY
ABCDEFGHIJKLMNOPQRSTUVWXY
ABCDEFGHIJKLMNOPQRSTUVWXY
ABCDEFGHIJKLMNOPQRSTUVWXY
ABCDEFGHIJKLMNOPQRSTUVWXY
ABCDEFGHIJKLMNOPQRSTUVWXY
ABCDEFGHIJKLMNOPQRSTUVWXY
ABCDEFGHIJKLMNOPQRSTUVWXY
ABCDEFGHIJKLMNOPQRSTUVWXY
ABCDEFGHIJKLMNOPQRSTUVWXY
ABCDEFGHIJKLMNOPQRSTUVWXY
ABCDEFGHIJKLMNOPQRSTUVWXY
ABCDEFGHIJKLMNOPQRSTUVWXY
ABCDEFGHIJKLMNOPQRSTUVWXY
ABCDEFGHIJKLMNOPQRSTUVWXY
ABCDEFGHIJKLMNOPQRSTUVWXY
Case #71:
AAAAAAAAAAAAAAAAAAAAAAAAA
BBBBBBBBBBBBBBBBBBBBBBBBB
CCCCCCCCCCCCCCCCCCCCCCCCC
DDDDDDDDDDDDDDDDDDDDDDDDD
EEEEEEEEEEEEEEEEEEEEEEEEE
FFFFFFFFFFFFFFFFFFFFFFFFF
GGGGGGGGGGGGGGGGGGGGGGGGG
HHHHHHHHHHHHHHHHHHHHHHHHH
IIIIIIIIIIIIIIIIIIIIIIIII
JJJJJJJJJJJJJJJJJJJJJJJJJ
KKKKKKKKKKKKKKKKKKKKKKKKK
LLLLLLLLLLLLLLLLLLLLLLLLL
MMMMMMMMMMMMMMMMMMMMMMMMM
NNNNNNNNNNNNNNNNNNNNNNNNN
OOOOOOOOOOOOOOOOOOOOOOOOO
PPPPPPPPPPPPPPPPPPPPPPPPP
QQQQQQQQQQQQQQQQQQQQQQQQQ
RRRRRRRRRRRRRRRRRRRRRRRRR
SSSSSSSSSSSSSSSSSSSSSSSSS
TTTTTTTTTTTTTTTTTTTTTTTTT
UUUUUUUUUUUUUUUUUUUUUUUUU
VVVVVVVVVVVVVVVVVVVVVVVVV
WWWWWWWWWWWWWWWWWWWWWWWWW
XXXXXXXXXXXXXXXXXXXXXXXXX
YYYYYYYYYYYYYYYYYYYYYYYYY
Case #72:
EGYCQWWWJJIIHHPPBBBBMUXTN
EGYCQWWWJJIIHHPPBBBBMUXTN
EGYCQWWWJJIIHHPPBBBBMUXTN
EGYCQWWWJJIIHHPPBBBBMUXTN
EAYCQWWWJJIIHHPPBBBBMULTN
EAYCQWWWJJIIHHPPBBBBMULTN
EAYCQWWWRRIIHHPPBBBBMULTN
EAYCQWWWRRIIHHPPBBBBMULTN
EAYCQWWWRRFFHHPPBBBBMULTN
EAYCQWWWRRFFHHPPBBBBMULVN
EAYCQWWWRRFFHHPPBBBBMUKVN
EAYCQWWWRRFFHHPPBBBBMUKVN
EAYCQWWWRRFFHHPPBBBBMUKVN
EAYCQWWWRRFFHHPPBBBBMUKVN
EAYCQWWWRRFFHHPPBBBBMUKVN
EAYCQWWWRRFFHHPPBBBBMUKVN
EAYCQWWWRRFFHHPPBBBBOUKVN
EAYCQWWWRRFFHHPPBBBBOUKVN
EAYCQWWWRRFFHHPPBBBBOUKVN
EAYCQWWWDDFFHHPPBBBBOUKVN
EAYCQWWWDDFFHHPPBBBBOUKVN
EAYCQWWWDDFFHHPPBBBBOUKVN
EAYCQWWWZZFFHHPPBBBBOUKVN
EAYCQWWWZZFFHHPPBBBBOUKSN
EAYCQWWWZZFFHHPPBBBBOUKSN
Case #73:
AAA
AAA
AAA
AAA
Case #74:
A
A
Case #75:
A
B
Case #76:
GDA
CDE
BDF
Case #77:
F
D
D
M
M
M
H
H
C
G
E
B
B
K
K
K
K
I
A
A
J
J
L
L
L
Case #78:
AAACDEEEEEEEEEEEEEEEEEEEE
AAACDEEEEEEEEEEEEEEEEEEEE
AAACDEEEEEEEEEEEEEEEEEEEE
AAACDEEEEEEEEEEEEEEEEEEEE
AAACDEEEEEEEEEEEEEEEEEEEE
AAACDEEEEEEEEEEEEEEEEEEEE
AAACDEEEEEEEEEEEEEEEEEEEE
AAACDEEEEEEEEEEEEEEEEEEEE
AAACDEEEEEEEEEEEEEEEEEEEE
AAACDEEEEEEEEEEEEEEEEEEEE
AAACDEEEEEEEEEEEEEEEEEEEE
AAACDEEEEEEEEEEEEEEEEEEEE
AAACDEEEEEEEEEEEEEEEEEEEE
AAACDEEEEEEEEEEEEEEEEEEEE
AAACDEEEEEEEEEEEEEEEEEEEE
AAACDEEEEEEEEEEEEEEEEEEEE
AAACDEEEEEEEEEEEEEEEEEEEE
AAACDEEEEEEEEEEEEEEEEEEEE
AAACDEEEEEEEEEEEEEEEEEEEE
BBBCDEEEEEEEEEEEEEEEEEEEE
BBBCDEEEEEEEEEEEEEEEEEEEE
BBBCDEEEEEEEEEEEEEEEEEEEE
BBBCDEEEEEEEEEEEEEEEEEEEE
BBBCDEEEEEEEEEEEEEEEEEEEE
BBBCDEEEEEEEEEEEEEEEEEEEE
Case #79:
ABCDEFGHIJKLMNOPQRSTUVWXY
ABCDEFGHIJKLMNOPQRSTUVWXY
ABCDEFGHIJKLMNOPQRSTUVWXY
ABCDEFGHIJKLMNOPQRSTUVWXY
ABCDEFGHIJKLMNOPQRSTUVWXY
ABCDEFGHIJKLMNOPQRSTUVWXY
ABCDEFGHIJKLMNOPQRSTUVWXY
ABCDEFGHIJKLMNOPQRSTUVWXY
ABCDEFGHIJKLMNOPQRSTUVWXY
ABCDEFGHIJKLMNOPQRSTUVWXY
ABCDEFGHIJKLMNOPQRSTUVWXY
ABCDEFGHIJKLMNOPQRSTUVWXY
ABCDEFGHIJKLMNOPQRSTUVWXY
ABCDEFGHIJKLMNOPQRSTUVWXY
ABCDEFGHIJKLMNOPQRSTUVWXY
ABCDEFGHIJKLMNOPQRSTUVWXY
ABCDEFGHIJKLMNOPQRSTUVWXY
ABCDEFGHIJKLMNOPQRSTUVWXY
ABCDEFGHIJKLMNOPQRSTUVWXY
ABCDEFGHIJKLMNOPQRSTUVWXY
ABCDEFGHIJKLMNOPQRSTUVWXY
ABCDEFGHIJKLMNOPQRSTUVWXY
ABCDEFGHIJKLMNOPQRSTUVWXY
ABCDEFGHIJKLMNOPQRSTUVWXY
ABCDEFGHIJKLMNOPQRSTUVWXY
Case #80:
AAAAAAAAAAAAAAAAAAAAAAAAA
BBBBBBBBBBBBBBBBBBBBBBBBB
CCCCCCCCCCCCCCCCCCCCCCCCC
DDDDDDDDDDDDDDDDDDDDDDDDD
EEEEEEEEEEEEEEEEEEEEEEEEE
FFFFFFFFFFFFFFFFFFFFFFFFF
GGGGGGGGGGGGGGGGGGGGGGGGG
HHHHHHHHHHHHHHHHHHHHHHHHH
IIIIIIIIIIIIIIIIIIIIIIIII
JJJJJJJJJJJJJJJJJJJJJJJJJ
KKKKKKKKKKKKKKKKKKKKKKKKK
LLLLLLLLLLLLLLLLLLLLLLLLL
MMMMMMMMMMMMMMMMMMMMMMMMM
NNNNNNNNNNNNNNNNNNNNNNNNN
OOOOOOOOOOOOOOOOOOOOOOOOO
PPPPPPPPPPPPPPPPPPPPPPPPP
QQQQQQQQQQQQQQQQQQQQQQQQQ
RRRRRRRRRRRRRRRRRRRRRRRRR
SSSSSSSSSSSSSSSSSSSSSSSSS
TTTTTTTTTTTTTTTTTTTTTTTTT
UUUUUUUUUUUUUUUUUUUUUUUUU
VVVVVVVVVVVVVVVVVVVVVVVVV
WWWWWWWWWWWWWWWWWWWWWWWWW
XXXXXXXXXXXXXXXXXXXXXXXXX
YYYYYYYYYYYYYYYYYYYYYYYYY
Case #81:
AAAAAAAAACDEEEEFJJJJGGGGG
AAAAAAAAACDEEEEFJJJJGGGGG
AAAAAAAAACDEEEEFJJJJGGGGG
AAAAAAAAACDEEEEFJJJJGGGGG
BBBBBBBBBCDEEEEFJJJJGGGGG
BBBBBBBBBCDEEEEFJJJJGGGGG
BBBBBBBBBCDEEEEFJJJJGGGGG
BBBBBBBBBCDEEEEFJJJJGGGGG
BBBBBBBBBCDEEEEFJJJJGGGGG
BBBBBBBBBCDEEEEFJJJJGGGGG
BBBBBBBBBCDEEEEFJJJJGGGGG
BBBBBBBBBCDEEEEFJJJJGGGGG
BBBBBBBBBCDEEEEFJJJJGGGGG
BBBBBBBBBCDEEEEFJJJJGGGGG
BBBBBBBBBCDEEEEHJJJJIIIII
BBBBBBBBBCDEEEEHJJJJIIIII
BBBBBBBBBCDEEEEHJJJJIIIII
BBBBBBBBBCDEEEEHJJJJIIIII
BBBBBBBBBCDEEEEHJJJJIIIII
BBBBBBBBBCDEEEEHJJJJIIIII
BBBBBBBBBCDEEEEHJJJJIIIII
BBBBBBBBBCDEEEEHJJJJIIIII
BBBBBBBBBCDEEEEHJJJJIIIII
BBBBBBBBBCDEEEEHJJJJIIIII
BBBBBBBBBCDEEEEHJJJJIIIII
Case #82:
QPKZYYEEWWWWHVGGCCDOORMFI
QPKZYYEEWWWWHSGGCCDOORMFI
QPKZYYEEBBBBHSGGCCDOORMFI
QPKZYYEEBBBBHSGGCCDOORMFI
QPKZYYEEBBBBHSGGCCDOORMFI
QPKZYYEEBBBBHSGGCCDOORMFI
QPKZYYEEBBBBHSGGCCDOORMFI
QPKZYYEEBBBBHSGGCCDOORMAI
QJLZYYTTBBBBHSGGCCDOORMAX
QJLZYYTTBBBBHSGGCCDOORMAX
QJLZYYTTBBBBHSGGCCDOORMAX
QJLZYYTTBBBBHSGGCCDOORMAX
QJLZYYTTBBBBHSGGCCDOORMAX
QJLZYYTTBBBBUSGGCCDOORMAX
QJLZYYTTBBBBUSGGCCDOORMAX
QJLZYYTTBBBBUSGGCCDOORMAX
QJLZYYTTBBBBUSGGCCDOORMAX
QJLZYYTTBBBBUSGGCCDOORMAX
QJLZYYTTBBBBUSGGNNDOORMAX
QJLZYYTTBBBBUSGGNNDOORMAX
QJLZYYTTBBBBUSGGNNDOORMAX
QJLZYYTTBBBBUSGGNNDOORMAX
QJLZYYTTBBBBUSGGNNDOORMAX
QJLZYYTTBBBBUSGGNNDOORMAX
QJLZYYTTBBBBUSGGNNDOORMAX
Case #83:
AAAAAACDEEEEEEEFJJJJGGGGG
AAAAAACDEEEEEEEFJJJJGGGGG
AAAAAACDEEEEEEEFJJJJGGGGG
AAAAAACDEEEEEEEFJJJJGGGGG
AAAAAACDEEEEEEEFJJJJGGGGG
AAAAAACDEEEEEEEFJJJJGGGGG
AAAAAACDEEEEEEEFJJJJGGGGG
BBBBBBCDEEEEEEEFJJJJGGGGG
BBBBBBCDEEEEEEEFJJJJGGGGG
BBBBBBCDEEEEEEEFJJJJGGGGG
BBBBBBCDEEEEEEEFJJJJGGGGG
BBBBBBCDEEEEEEEFJJJJGGGGG
BBBBBBCDEEEEEEEFJJJJGGGGG
BBBBBBCDEEEEEEEFJJJJGGGGG
BBBBBBCDEEEEEEEFJJJJGGGGG
BBBBBBCDEEEEEEEFJJJJGGGGG
BBBBBBCDEEEEEEEFJJJJGGGGG
BBBBBBCDEEEEEEEFJJJJGGGGG
BBBBBBCDEEEEEEEFJJJJGGGGG
BBBBBBCDEEEEEEEFJJJJGGGGG
BBBBBBCDEEEEEEEHJJJJIIIII
BBBBBBCDEEEEEEEHJJJJIIIII
BBBBBBCDEEEEEEEHJJJJIIIII
BBBBBBCDEEEEEEEHJJJJIIIII
BBBBBBCDEEEEEEEHJJJJIIIII
Case #84:
AAAEEEEBBBBBBBBBBBBBFHIJJ
AAAEEEEBBBBBBBBBBBBBFHIJJ
AAAEEEEBBBBBBBBBBBBBFHIJJ
AAAEEEEBBBBBBBBBBBBBFHIJJ
AAAEEEEBBBBBBBBBBBBBFHIJJ
CCCEEEEDDDDDDDDDDDDDFHIJJ
CCCEEEEDDDDDDDDDDDDDFHIJJ
CCCEEEEDDDDDDDDDDDDDFHIJJ
CCCEEEEDDDDDDDDDDDDDFHIJJ
CCCEEEEDDDDDDDDDDDDDFHIJJ
CCCEEEEDDDDDDDDDDDDDFHIJJ
CCCEEEEDDDDDDDDDDDDDFHIJJ
CCCEEEEDDDDDDDDDDDDDFHIJJ
CCCEEEEDDDDDDDDDDDDDFHIJJ
CCCEEEEDDDDDDDDDDDDDFHIJJ
CCCEEEEDDDDDDDDDDDDDGHIJJ
CCCEEEEDDDDDDDDDDDDDGHIJJ
CCCEEEEDDDDDDDDDDDDDGHIJJ
CCCEEEEDDDDDDDDDDDDDGHIJJ
CCCEEEEDDDDDDDDDDDDDGHIJJ
CCCEEEEDDDDDDDDDDDDDGHIJJ
CCCEEEEDDDDDDDDDDDDDGHIJJ
CCCEEEEDDDDDDDDDDDDDGHIJJ
CCCEEEEDDDDDDDDDDDDDGHIJJ
CCCEEEEDDDDDDDDDDDDDGHIJJ
Case #85:
AAAAAAACDEEEEEEEEEEEEEEEE
AAAAAAACDEEEEEEEEEEEEEEEE
AAAAAAACDEEEEEEEEEEEEEEEE
AAAAAAACDEEEEEEEEEEEEEEEE
AAAAAAACDEEEEEEEEEEEEEEEE
AAAAAAACDEEEEEEEEEEEEEEEE
AAAAAAACDEEEEEEEEEEEEEEEE
AAAAAAACDEEEEEEEEEEEEEEEE
AAAAAAACDEEEEEEEEEEEEEEEE
AAAAAAACDEEEEEEEEEEEEEEEE
AAAAAAACDEEEEEEEEEEEEEEEE
AAAAAAACDEEEEEEEEEEEEEEEE
BBBBBBBCDEEEEEEEEEEEEEEEE
BBBBBBBCDEEEEEEEEEEEEEEEE
BBBBBBBCDEEEEEEEEEEEEEEEE
BBBBBBBCDEEEEEEEEEEEEEEEE
BBBBBBBCDEEEEEEEEEEEEEEEE
BBBBBBBCDEEEEEEEEEEEEEEEE
BBBBBBBCDEEEEEEEEEEEEEEEE
BBBBBBBCDEEEEEEEEEEEEEEEE
BBBBBBBCDEEEEEEEEEEEEEEEE
BBBBBBBCDEEEEEEEEEEEEEEEE
BBBBBBBCDEEEEEEEEEEEEEEEE
BBBBBBBCDEEEEEEEEEEEEEEEE
BBBBBBBCDEEEEEEEEEEEEEEEE
Case #86:
ABCDEFGHIJKLMNOPQRSTUVWXY
ABCDEFGHIJKLMNOPQRSTUVWXY
ABCDEFGHIJKLMNOPQRSTUVWXY
ABCDEFGHIJKLMNOPQRSTUVWXY
ABCDEFGHIJKLMNOPQRSTUVWXY
ABCDEFGHIJKLMNOPQRSTUVWXY
ABCDEFGHIJKLMNOPQRSTUVWXY
ABCDEFGHIJKLMNOPQRSTUVWXY
ABCDEFGHIJKLMNOPQRSTUVWXY
ABCDEFGHIJKLMNOPQRSTUVWXY
ABCDEFGHIJKLMNOPQRSTUVWXY
ABCDEFGHIJKLMNOPQRSTUVWXY
ABCDEFGHIJKLMNOPQRSTUVWXY
ABCDEFGHIJKLMNOPQRSTUVWXY
ABCDEFGHIJKLMNOPQRSTUVWXY
ABCDEFGHIJKLMNOPQRSTUVWXY
ABCDEFGHIJKLMNOPQRSTUVWXY
ABCDEFGHIJKLMNOPQRSTUVWXY
ABCDEFGHIJKLMNOPQRSTUVWXY
ABCDEFGHIJKLMNOPQRSTUVWXY
ABCDEFGHIJKLMNOPQRSTUVWXY
ABCDEFGHIJKLMNOPQRSTUVWXY
ABCDEFGHIJKLMNOPQRSTUVWXY
ABCDEFGHIJKLMNOPQRSTUVWXY
ABCDEFGHIJKLMNOPQRSTUVWXY
Case #87:
BC
DA
Case #88:
AA
Case #89:
IIIPYWBZGOOFTTJREEEEEEEEE
IIIPYWBZGOOFTTJREEEEEEEEE
IIIPYWBZGOOFTTJREEEEEEEEE
IIIPYWBZGOOFTTJREEEEEEEEE
IIIPYWBZGOOFTTJREEEEEEEEE
IIIPYWBZGOOFTTJREEEEEEEEE
IIIPYWBZGOOFTTJREEEEEEEEE
IIIPYWBZGOOFTTJREEEEEEEEE
IIIPYWBZGOOFTTJREEEEEEEEE
IIIPYWBZGOOFTTJREEEEEEEEE
IIIPYWBZGOOFTTJREEEEEEEEE
IIIPYWBZGOOFTTJREEEEEEEEE
IIIPYWBZGOOFTTJREEEEEEEEE
IIIPYWBZGOOFTTJREEEEEEEEE
IIIPYWBZGOOFTTJREEEEEEEEE
IIIPYWBZGOOFTTJREEEEEEEEE
IIIPYWBZGOOFCCJREEEEEEEEE
IIIPYWBZGQQFCCJREEEEEEEEE
IIIPYWBZMQQHUUJREEEEEEEEE
IIIPYWBKMQQHUUJREEEEEEEEE
IIIPYWBVMQQAUUJRXXXXXXXXX
IIIPYSBVMQQAUUJRXXXXXXXXX
IIIPYSBVMQQAUUJRXXXXXXXXX
IIIPYLBVMQQAUUJRXXXXXXXXX
IIIPYLBVDNNAUUJRXXXXXXXXX
Case #90:
XXBIIUECCCZVVDYOOOALTPPPJ
XXBIIUECCCKVVDYOOOALTPPPJ
XXBIIUECCCNVVDYOOOALTPPPJ
XXBIIUECCCNVVRYOOOALTPPPJ
XXBIIUECCCNVVRYOOOALTPPPJ
XXBIIUECCCNVVRYOOOALTPPPM
XXBIIUECCCNVVRYOOOALTHHHM
XXBIIUECCCNVVRYOOOALTHHHM
XXBIIUECCCNVVRYOOOALTHHHM
XXBIIUECCCNVVRYOOOALTHHHF
XXBIIUECCCNVVRYOOOALTHHHF
XXBIIUECCCNVVRYWWWAQTHHHF
XXBIIUECCCNVVRYWWWAQTHHHF
XXBIIUECCCNVVRYWWWAQTSSSF
XXBIIUECCCNVVRYWWWAQTSSSF
XXBIIUECCCNVVRYWWWAQTSSSF
XXBIIUECCCNVVRYWWWAQTSSSF
XXGIIUECCCNVVRYWWWAQTSSSF
XXGIIUECCCNVVRYWWWAQTSSSF
XXGIIUECCCNVVRYWWWAQTSSSF
XXGIIUECCCNVVRYWWWAQTSSSF
XXGIIUECCCNVVRYWWWAQTSSSF
XXGIIUECCCNVVRYWWWAQTSSSF
XXGIIUECCCNVVRYWWWAQTSSSF
XXGIIUECCCNVVRYWWWAQTSSSF
Case #91:
BACJH
BAKFG
DAIEG
Case #92:
ANBOCPDQERFSGTHUIVJWKXLYM
ZNBOCPDQERFSGTHUIVJWKXLYM
ZNBOCPDQERFSGTHUIVJWKXLYM
ZNBOCPDQERFSGTHUIVJWKXLYM
ZNBOCPDQERFSGTHUIVJWKXLYM
ZNBOCPDQERFSGTHUIVJWKXLYM
ZNBOCPDQERFSGTHUIVJWKXLYM
ZNBOCPDQERFSGTHUIVJWKXLYM
ZNBOCPDQERFSGTHUIVJWKXLYM
ZNBOCPDQERFSGTHUIVJWKXLYM
ZNBOCPDQERFSGTHUIVJWKXLYM
ZNBOCPDQERFSGTHUIVJWKXLYM
ZNBOCPDQERFSGTHUIVJWKXLYM
ZNBOCPDQERFSGTHUIVJWKXLYM
ZNBOCPDQERFSGTHUIVJWKXLYM
ZNBOCPDQERFSGTHUIVJWKXLYM
ZNBOCPDQERFSGTHUIVJWKXLYM
ZNBOCPDQERFSGTHUIVJWKXLYM
ZNBOCPDQERFSGTHUIVJWKXLYM
ZNBOCPDQERFSGTHUIVJWKXLYM
ZNBOCPDQERFSGTHUIVJWKXLYM
ZNBOCPDQERFSGTHUIVJWKXLYM
ZNBOCPDQERFSGTHUIVJWKXLYM
ZNBOCPDQERFSGTHUIVJWKXLYM
ZNBOCPDQERFSGTHUIVJWKXLYM
Case #93:
LLLLLLLLLLLLLQDWIRUZNFXKT
LLLLLLLLLLLLLQDWIRUZNFXKT
LLLLLLLLLLLLLQDWIRUZNFXKT
LLLLLLLLLLLLLQDWIRUZNFXKT
LLLLLLLLLLLLLQDWIRUZNFXKT
LLLLLLLLLLLLLQDWIRUZNFXKT
LLLLLLLLLLLLLQDWIRUZNFXKT
LLLLLLLLLLLLLQDWIRUZNFXKT
LLLLLLLLLLLLLQDWIRUVSFXKT
LLLLLLLLLLLLLQDWIRUVHBXKT
LLLLLLLLLLLLLQDWIRUEHBXKT
LLLLLLLLLLLLLQDWIRUEHBXOT
LLLLLLLLLLLLLQDWIYUEHBXOT
LLLLLLLLLLLLLQDWIYUEHMXOT
LLLLLLLLLLLLLQDWIYUEHMXOT
LLLLLLLLLLLLLQDWIYUEHMXGT
LLLLLLLLLLLLLQDWIYUJHPXGC
LLLLLLLLLLLLLQDWIYUJHPXAC
LLLLLLLLLLLLLQDWIYUJHPXAC
LLLLLLLLLLLLLQDWIYUJHPXAC
LLLLLLLLLLLLLQDWIYUJHPXAC
LLLLLLLLLLLLLQDWIYUJHPXAC
LLLLLLLLLLLLLQDWIYUJHPXAC
LLLLLLLLLLLLLQDWIYUJHPXAC
LLLLLLLLLLLLLQDWIYUJHPXAC
Case #94:
AAAAAAAAAAAAAAAAAACDEEEEE
AAAAAAAAAAAAAAAAAACDEEEEE
AAAAAAAAAAAAAAAAAACDEEEEE
AAAAAAAAAAAAAAAAAACDEEEEE
AAAAAAAAAAAAAAAAAACDEEEEE
AAAAAAAAAAAAAAAAAACDEEEEE
AAAAAAAAAAAAAAAAAACDEEEEE
AAAAAAAAAAAAAAAAAACDEEEEE
AAAAAAAAAAAAAAAAAACDEEEEE
AAAAAAAAAAAAAAAAAACDEEEEE
AAAAAAAAAAAAAAAAAACDEEEEE
AAAAAAAAAAAAAAAAAACDEEEEE
AAAAAAAAAAAAAAAAAACDEEEEE
AAAAAAAAAAAAAAAAAACDEEEEE
BBBBBBBBBBBBBBBBBBCDEEEEE
BBBBBBBBBBBBBBBBBBCDEEEEE
BBBBBBBBBBBBBBBBBBCDEEEEE
BBBBBBBBBBBBBBBBBBCDEEEEE
BBBBBBBBBBBBBBBBBBCDEEEEE
BBBBBBBBBBBBBBBBBBCDEEEEE
BBBBBBBBBBBBBBBBBBCDEEEEE
BBBBBBBBBBBBBBBBBBCDEEEEE
BBBBBBBBBBBBBBBBBBCDEEEEE
BBBBBBBBBBBBBBBBBBCDEEEEE
BBBBBBBBBBBBBBBBBBCDEEEEE
Case #95:
JKPRDG
JNPBDO
CLABDI
MHABDI
MHQEDI
MHQFDI
Case #96:
AIJB
AIJE
AIDF
AIGC
AIGH
AIGH
Case #97:
AAAAAAAAACDEEEEEEFJJJJGGG
AAAAAAAAACDEEEEEEFJJJJGGG
AAAAAAAAACDEEEEEEFJJJJGGG
AAAAAAAAACDEEEEEEFJJJJGGG
AAAAAAAAACDEEEEEEFJJJJGGG
AAAAAAAAACDEEEEEEFJJJJGGG
BBBBBBBBBCDEEEEEEFJJJJGGG
BBBBBBBBBCDEEEEEEFJJJJGGG
BBBBBBBBBCDEEEEEEFJJJJGGG
BBBBBBBBBCDEEEEEEFJJJJGGG
BBBBBBBBBCDEEEEEEFJJJJGGG
BBBBBBBBBCDEEEEEEFJJJJGGG
BBBBBBBBBCDEEEEEEFJJJJGGG
BBBBBBBBBCDEEEEEEFJJJJGGG
BBBBBBBBBCDEEEEEEHJJJJIII
BBBBBBBBBCDEEEEEEHJJJJIII
BBBBBBBBBCDEEEEEEHJJJJIII
BBBBBBBBBCDEEEEEEHJJJJIII
BBBBBBBBBCDEEEEEEHJJJJIII
BBBBBBBBBCDEEEEEEHJJJJIII
BBBBBBBBBCDEEEEEEHJJJJIII
BBBBBBBBBCDEEEEEEHJJJJIII
BBBBBBBBBCDEEEEEEHJJJJIII
BBBBBBBBBCDEEEEEEHJJJJIII
BBBBBBBBBCDEEEEEEHJJJJIII
Case #98:
AAAAAAEEEEBBBBBBBBBBBBBBB
AAAAAAEEEEBBBBBBBBBBBBBBB
AAAAAAEEEEBBBBBBBBBBBBBBB
AAAAAAEEEEBBBBBBBBBBBBBBB
AAAAAAEEEEBBBBBBBBBBBBBBB
AAAAAAEEEEBBBBBBBBBBBBBBB
AAAAAAEEEEBBBBBBBBBBBBBBB
AAAAAAEEEEBBBBBBBBBBBBBBB
AAAAAAEEEEBBBBBBBBBBBBBBB
AAAAAAEEEEBBBBBBBBBBBBBBB
CCCCCCEEEEDDDDDDDDDDDDDDD
CCCCCCEEEEDDDDDDDDDDDDDDD
CCCCCCEEEEDDDDDDDDDDDDDDD
CCCCCCEEEEDDDDDDDDDDDDDDD
CCCCCCEEEEDDDDDDDDDDDDDDD
CCCCCCEEEEDDDDDDDDDDDDDDD
CCCCCCEEEEDDDDDDDDDDDDDDD
CCCCCCEEEEDDDDDDDDDDDDDDD
CCCCCCEEEEDDDDDDDDDDDDDDD
CCCCCCEEEEDDDDDDDDDDDDDDD
CCCCCCEEEEDDDDDDDDDDDDDDD
CCCCCCEEEEDDDDDDDDDDDDDDD
CCCCCCEEEEDDDDDDDDDDDDDDD
CCCCCCEEEEDDDDDDDDDDDDDDD
CCCCCCEEEEDDDDDDDDDDDDDDD
Case #99:
NEFIRMYYYYYYYYYYYYYYYYYYY
NEFIRMYYYYYYYYYYYYYYYYYYY
NEFIRMYYYYYYYYYYYYYYYYYYY
NEFIRMYYYYYYYYYYYYYYYYYYY
NEFIRMYYYYYYYYYYYYYYYYYYY
NEFIRMYYYYYYYYYYYYYYYYYYY
NEFIRMYYYYYYYYYYYYYYYYYYY
NEFIRMYYYYYYYYYYYYYYYYYYY
NEFIRMYYYYYYYYYYYYYYYYYYY
NEFIRMYYYYYYYYYYYYYYYYYYY
NLFIRMYYYYYYYYYYYYYYYYYYY
NLFIRMYYYYYYYYYYYYYYYYYYY
GLWIRMYYYYYYYYYYYYYYYYYYY
ZCWIRMYYYYYYYYYYYYYYYYYYY
ZCUSOMYYYYYYYYYYYYYYYYYYY
ZAUPHDYYYYYYYYYYYYYYYYYYY
ZQUPHDYYYYYYYYYYYYYYYYYYY
ZQUPVDYYYYYYYYYYYYYYYYYYY
BTXJVDYYYYYYYYYYYYYYYYYYY
BTXJVDYYYYYYYYYYYYYYYYYYY
BKXJVDYYYYYYYYYYYYYYYYYYY
BKXJVDYYYYYYYYYYYYYYYYYYY
BKXJVDYYYYYYYYYYYYYYYYYYY
BKXJVDYYYYYYYYYYYYYYYYYYY
BKXJVDYYYYYYYYYYYYYYYYYYY
Case #100:
PU
BU
ZC
RC
OS
AS
HD
HD
WD
ME
MK
QL
QL
GT
JT
JT
JX
YV
FV
FV
FI
FI
FN
FN
FN
